2025-02-12 10:59:31,336 INFO    StreamThr :968835 [internal.py:wandb_internal():86] W&B internal server running at pid: 968835, started at: 2025-02-12 10:59:31.335169
2025-02-12 10:59:31,339 DEBUG   HandlerThread:968835 [handler.py:handle_request():144] handle_request: status
2025-02-12 10:59:31,340 INFO    WriterThread:968835 [datastore.py:open_for_write():85] open: /data/sls/scratch/nmorgan/LOGIC/model_editing/malmen/wandb/run-20250212_105931-icr92x50/run-icr92x50.wandb
2025-02-12 10:59:31,346 DEBUG   SenderThread:968835 [sender.py:send():379] send: header
2025-02-12 10:59:31,361 DEBUG   SenderThread:968835 [sender.py:send():379] send: run
2025-02-12 10:59:31,561 INFO    SenderThread:968835 [dir_watcher.py:__init__():211] watching files in: /data/sls/scratch/nmorgan/LOGIC/model_editing/malmen/wandb/run-20250212_105931-icr92x50/files
2025-02-12 10:59:31,561 INFO    SenderThread:968835 [sender.py:_start_run_threads():1121] run started: icr92x50 with start time 1739375971.335961
2025-02-12 10:59:31,565 DEBUG   SenderThread:968835 [sender.py:send_request():406] send_request: summary_record
2025-02-12 10:59:31,567 INFO    SenderThread:968835 [sender.py:_save_file():1375] saving file wandb-summary.json with policy end
2025-02-12 10:59:31,584 DEBUG   HandlerThread:968835 [handler.py:handle_request():144] handle_request: check_version
2025-02-12 10:59:31,585 DEBUG   SenderThread:968835 [sender.py:send_request():406] send_request: check_version
2025-02-12 10:59:31,660 DEBUG   HandlerThread:968835 [handler.py:handle_request():144] handle_request: run_start
2025-02-12 10:59:31,697 DEBUG   HandlerThread:968835 [system_info.py:__init__():31] System info init
2025-02-12 10:59:31,697 DEBUG   HandlerThread:968835 [system_info.py:__init__():46] System info init done
2025-02-12 10:59:31,697 INFO    HandlerThread:968835 [system_monitor.py:start():181] Starting system monitor
2025-02-12 10:59:31,698 INFO    SystemMonitor:968835 [system_monitor.py:_start():145] Starting system asset monitoring threads
2025-02-12 10:59:31,698 INFO    HandlerThread:968835 [system_monitor.py:probe():201] Collecting system info
2025-02-12 10:59:31,699 INFO    SystemMonitor:968835 [interfaces.py:start():190] Started cpu monitoring
2025-02-12 10:59:31,700 INFO    SystemMonitor:968835 [interfaces.py:start():190] Started disk monitoring
2025-02-12 10:59:31,704 INFO    SystemMonitor:968835 [interfaces.py:start():190] Started gpu monitoring
2025-02-12 10:59:31,705 INFO    SystemMonitor:968835 [interfaces.py:start():190] Started memory monitoring
2025-02-12 10:59:31,706 INFO    SystemMonitor:968835 [interfaces.py:start():190] Started network monitoring
2025-02-12 10:59:31,773 DEBUG   HandlerThread:968835 [system_info.py:probe():195] Probing system
2025-02-12 10:59:31,777 DEBUG   HandlerThread:968835 [system_info.py:_probe_git():180] Probing git
2025-02-12 10:59:31,798 DEBUG   HandlerThread:968835 [system_info.py:_probe_git():188] Probing git done
2025-02-12 10:59:31,799 DEBUG   HandlerThread:968835 [system_info.py:probe():240] Probing system done
2025-02-12 10:59:31,799 DEBUG   HandlerThread:968835 [system_monitor.py:probe():210] {'os': 'Linux-5.15.0-107-generic-x86_64-with-glibc2.35', 'python': '3.10.16', 'heartbeatAt': '2025-02-12T15:59:31.773696', 'startedAt': '2025-02-12T15:59:31.320144', 'docker': None, 'cuda': None, 'args': (), 'state': 'running', 'program': '/data/sls/scratch/nmorgan/LOGIC/model_editing/malmen/main.py', 'codePath': 'main.py', 'git': {'remote': 'https://github.com/ChenmienTan/malmen', 'commit': '1df295dc032b3ff9a002976e081432cb4f09d342'}, 'email': None, 'root': '/data/sls/scratch/nmorgan/LOGIC/model_editing/malmen', 'host': 'sls-a5-1.csail.mit.edu', 'username': 'nmorgan', 'executable': '/data/sls/scratch/nmorgan/dotfiles/miniconda3/envs/logic-edits/bin/python', 'cpu_count': 48, 'cpu_count_logical': 96, 'cpu_freq': {'current': 2083.2314375, 'min': 800.0, 'max': 3400.0}, 'cpu_freq_per_core': [{'current': 1482.339, 'min': 800.0, 'max': 3400.0}, {'current': 2100.0, 'min': 800.0, 'max': 3400.0}, {'current': 2100.0, 'min': 800.0, 'max': 3400.0}, {'current': 2100.0, 'min': 800.0, 'max': 3400.0}, {'current': 2100.0, 'min': 800.0, 'max': 3400.0}, {'current': 2100.0, 'min': 800.0, 'max': 3400.0}, {'current': 2100.0, 'min': 800.0, 'max': 3400.0}, {'current': 2100.0, 'min': 800.0, 'max': 3400.0}, {'current': 2100.0, 'min': 800.0, 'max': 3400.0}, {'current': 2100.0, 'min': 800.0, 'max': 3400.0}, {'current': 2100.0, 'min': 800.0, 'max': 3400.0}, {'current': 2100.0, 'min': 800.0, 'max': 3400.0}, {'current': 2100.0, 'min': 800.0, 'max': 3400.0}, {'current': 2100.0, 'min': 800.0, 'max': 3400.0}, {'current': 2100.0, 'min': 800.0, 'max': 3400.0}, {'current': 2100.0, 'min': 800.0, 'max': 3400.0}, {'current': 2100.0, 'min': 800.0, 'max': 3400.0}, {'current': 2100.0, 'min': 800.0, 'max': 3400.0}, {'current': 2100.0, 'min': 800.0, 'max': 3400.0}, {'current': 2100.0, 'min': 800.0, 'max': 3400.0}, {'current': 2100.0, 'min': 800.0, 'max': 3400.0}, {'current': 2100.0, 'min': 800.0, 'max': 3400.0}, {'current': 2100.0, 'min': 800.0, 'max': 3400.0}, {'current': 2100.0, 'min': 800.0, 'max': 3400.0}, {'current': 2100.0, 'min': 800.0, 'max': 3400.0}, {'current': 2100.0, 'min': 800.0, 'max': 3400.0}, {'current': 2100.0, 'min': 800.0, 'max': 3400.0}, {'current': 2100.0, 'min': 800.0, 'max': 3400.0}, {'current': 2100.0, 'min': 800.0, 'max': 3400.0}, {'current': 2100.0, 'min': 800.0, 'max': 3400.0}, {'current': 2100.0, 'min': 800.0, 'max': 3400.0}, {'current': 2100.0, 'min': 800.0, 'max': 3400.0}, {'current': 2100.0, 'min': 800.0, 'max': 3400.0}, {'current': 2100.0, 'min': 800.0, 'max': 3400.0}, {'current': 2100.0, 'min': 800.0, 'max': 3400.0}, {'current': 2100.0, 'min': 800.0, 'max': 3400.0}, {'current': 2100.0, 'min': 800.0, 'max': 3400.0}, {'current': 2100.0, 'min': 800.0, 'max': 3400.0}, {'current': 2100.0, 'min': 800.0, 'max': 3400.0}, {'current': 2100.0, 'min': 800.0, 'max': 3400.0}, {'current': 2100.0, 'min': 800.0, 'max': 3400.0}, {'current': 2100.0, 'min': 800.0, 'max': 3400.0}, {'current': 2100.0, 'min': 800.0, 'max': 3400.0}, {'current': 2100.0, 'min': 800.0, 'max': 3400.0}, {'current': 2100.0, 'min': 800.0, 'max': 3400.0}, {'current': 2100.0, 'min': 800.0, 'max': 3400.0}, {'current': 2100.0, 'min': 800.0, 'max': 3400.0}, {'current': 2100.0, 'min': 800.0, 'max': 3400.0}, {'current': 2100.0, 'min': 800.0, 'max': 3400.0}, {'current': 2100.0, 'min': 800.0, 'max': 3400.0}, {'current': 2100.0, 'min': 800.0, 'max': 3400.0}, {'current': 2100.0, 'min': 800.0, 'max': 3400.0}, {'current': 2100.0, 'min': 800.0, 'max': 3400.0}, {'current': 2100.0, 'min': 800.0, 'max': 3400.0}, {'current': 2100.0, 'min': 800.0, 'max': 3400.0}, {'current': 2100.0, 'min': 800.0, 'max': 3400.0}, {'current': 2100.0, 'min': 800.0, 'max': 3400.0}, {'current': 2100.0, 'min': 800.0, 'max': 3400.0}, {'current': 2100.0, 'min': 800.0, 'max': 3400.0}, {'current': 2100.0, 'min': 800.0, 'max': 3400.0}, {'current': 2100.0, 'min': 800.0, 'max': 3400.0}, {'current': 2100.0, 'min': 800.0, 'max': 3400.0}, {'current': 2100.0, 'min': 800.0, 'max': 3400.0}, {'current': 2100.0, 'min': 800.0, 'max': 3400.0}, {'current': 2100.0, 'min': 800.0, 'max': 3400.0}, {'current': 2100.0, 'min': 800.0, 'max': 3400.0}, {'current': 2100.0, 'min': 800.0, 'max': 3400.0}, {'current': 2100.0, 'min': 800.0, 'max': 3400.0}, {'current': 2100.0, 'min': 800.0, 'max': 3400.0}, {'current': 2100.0, 'min': 800.0, 'max': 3400.0}, {'current': 2100.0, 'min': 800.0, 'max': 3400.0}, {'current': 2100.0, 'min': 800.0, 'max': 3400.0}, {'current': 2100.0, 'min': 800.0, 'max': 3400.0}, {'current': 2100.0, 'min': 800.0, 'max': 3400.0}, {'current': 2100.0, 'min': 800.0, 'max': 3400.0}, {'current': 2100.0, 'min': 800.0, 'max': 3400.0}, {'current': 2100.0, 'min': 800.0, 'max': 3400.0}, {'current': 2100.0, 'min': 800.0, 'max': 3400.0}, {'current': 2100.0, 'min': 800.0, 'max': 3400.0}, {'current': 2100.0, 'min': 800.0, 'max': 3400.0}, {'current': 2100.0, 'min': 800.0, 'max': 3400.0}, {'current': 2100.0, 'min': 800.0, 'max': 3400.0}, {'current': 2100.0, 'min': 800.0, 'max': 3400.0}, {'current': 2100.0, 'min': 800.0, 'max': 3400.0}, {'current': 2100.0, 'min': 800.0, 'max': 3400.0}, {'current': 2100.0, 'min': 800.0, 'max': 3400.0}, {'current': 2100.0, 'min': 800.0, 'max': 3400.0}, {'current': 2100.0, 'min': 800.0, 'max': 3400.0}, {'current': 2100.0, 'min': 800.0, 'max': 3400.0}, {'current': 3400.0, 'min': 800.0, 'max': 3400.0}, {'current': 957.765, 'min': 800.0, 'max': 3400.0}, {'current': 2100.0, 'min': 800.0, 'max': 3400.0}, {'current': 2100.0, 'min': 800.0, 'max': 3400.0}, {'current': 2100.0, 'min': 800.0, 'max': 3400.0}, {'current': 2100.0, 'min': 800.0, 'max': 3400.0}, {'current': 2100.0, 'min': 800.0, 'max': 3400.0}], 'disk': {'total': 860.4884033203125, 'used': 7.0780029296875}, 'gpu': 'NVIDIA RTX A5000', 'gpu_count': 4, 'gpu_devices': [{'name': 'NVIDIA RTX A5000', 'memory_total': 25757220864}, {'name': 'NVIDIA RTX A5000', 'memory_total': 25757220864}, {'name': 'NVIDIA RTX A5000', 'memory_total': 25757220864}, {'name': 'NVIDIA RTX A5000', 'memory_total': 25757220864}], 'memory': {'total': 503.50934982299805}}
2025-02-12 10:59:31,799 INFO    HandlerThread:968835 [system_monitor.py:probe():211] Finished collecting system info
2025-02-12 10:59:31,799 INFO    HandlerThread:968835 [system_monitor.py:probe():214] Publishing system info
2025-02-12 10:59:31,799 DEBUG   HandlerThread:968835 [system_info.py:_save_pip():51] Saving list of pip packages installed into the current environment
2025-02-12 10:59:31,801 DEBUG   HandlerThread:968835 [system_info.py:_save_pip():67] Saving pip packages done
2025-02-12 10:59:31,801 DEBUG   HandlerThread:968835 [system_info.py:_save_conda():74] Saving list of conda packages installed into the current environment
2025-02-12 10:59:32,567 INFO    Thread-12 :968835 [dir_watcher.py:_on_file_created():271] file/dir created: /data/sls/scratch/nmorgan/LOGIC/model_editing/malmen/wandb/run-20250212_105931-icr92x50/files/requirements.txt
2025-02-12 10:59:32,567 INFO    Thread-12 :968835 [dir_watcher.py:_on_file_created():271] file/dir created: /data/sls/scratch/nmorgan/LOGIC/model_editing/malmen/wandb/run-20250212_105931-icr92x50/files/wandb-summary.json
2025-02-12 10:59:32,568 INFO    Thread-12 :968835 [dir_watcher.py:_on_file_created():271] file/dir created: /data/sls/scratch/nmorgan/LOGIC/model_editing/malmen/wandb/run-20250212_105931-icr92x50/files/conda-environment.yaml
2025-02-12 10:59:34,526 DEBUG   HandlerThread:968835 [system_info.py:_save_conda():86] Saving conda packages done
2025-02-12 10:59:34,530 INFO    HandlerThread:968835 [system_monitor.py:probe():216] Finished publishing system info
2025-02-12 10:59:34,539 DEBUG   SenderThread:968835 [sender.py:send():379] send: files
2025-02-12 10:59:34,539 INFO    SenderThread:968835 [sender.py:_save_file():1375] saving file wandb-metadata.json with policy now
2025-02-12 10:59:34,554 DEBUG   HandlerThread:968835 [handler.py:handle_request():144] handle_request: stop_status
2025-02-12 10:59:34,555 DEBUG   SenderThread:968835 [sender.py:send_request():406] send_request: stop_status
2025-02-12 10:59:34,565 INFO    Thread-12 :968835 [dir_watcher.py:_on_file_created():271] file/dir created: /data/sls/scratch/nmorgan/LOGIC/model_editing/malmen/wandb/run-20250212_105931-icr92x50/files/wandb-metadata.json
2025-02-12 10:59:34,635 DEBUG   SenderThread:968835 [sender.py:send():379] send: telemetry
2025-02-12 10:59:34,845 INFO    wandb-upload_0:968835 [upload_job.py:push():131] Uploaded file /tmp/tmp5h316w0zwandb/e84kbvoh-wandb-metadata.json
2025-02-12 10:59:35,567 INFO    Thread-12 :968835 [dir_watcher.py:_on_file_created():271] file/dir created: /data/sls/scratch/nmorgan/LOGIC/model_editing/malmen/wandb/run-20250212_105931-icr92x50/files/output.log
2025-02-12 10:59:36,638 DEBUG   HandlerThread:968835 [handler.py:handle_request():144] handle_request: status_report
2025-02-12 10:59:37,571 INFO    Thread-12 :968835 [dir_watcher.py:_on_file_modified():288] file/dir modified: /data/sls/scratch/nmorgan/LOGIC/model_editing/malmen/wandb/run-20250212_105931-icr92x50/files/output.log
2025-02-12 10:59:40,918 DEBUG   SenderThread:968835 [sender.py:send():379] send: exit
2025-02-12 10:59:40,918 INFO    SenderThread:968835 [sender.py:send_exit():584] handling exit code: 1
2025-02-12 10:59:40,918 INFO    SenderThread:968835 [sender.py:send_exit():586] handling runtime: 9
2025-02-12 10:59:40,922 INFO    SenderThread:968835 [sender.py:_save_file():1375] saving file wandb-summary.json with policy end
2025-02-12 10:59:40,922 INFO    SenderThread:968835 [sender.py:send_exit():592] send defer
2025-02-12 10:59:40,922 DEBUG   HandlerThread:968835 [handler.py:handle_request():144] handle_request: defer
2025-02-12 10:59:40,923 INFO    HandlerThread:968835 [handler.py:handle_request_defer():170] handle defer: 0
2025-02-12 10:59:40,923 DEBUG   SenderThread:968835 [sender.py:send_request():406] send_request: defer
2025-02-12 10:59:40,923 INFO    SenderThread:968835 [sender.py:send_request_defer():608] handle sender defer: 0
2025-02-12 10:59:40,923 INFO    SenderThread:968835 [sender.py:transition_state():612] send defer: 1
2025-02-12 10:59:40,923 DEBUG   HandlerThread:968835 [handler.py:handle_request():144] handle_request: defer
2025-02-12 10:59:40,924 INFO    HandlerThread:968835 [handler.py:handle_request_defer():170] handle defer: 1
2025-02-12 10:59:40,924 DEBUG   SenderThread:968835 [sender.py:send_request():406] send_request: defer
2025-02-12 10:59:40,924 INFO    SenderThread:968835 [sender.py:send_request_defer():608] handle sender defer: 1
2025-02-12 10:59:40,924 INFO    SenderThread:968835 [sender.py:transition_state():612] send defer: 2
2025-02-12 10:59:40,924 DEBUG   HandlerThread:968835 [handler.py:handle_request():144] handle_request: defer
2025-02-12 10:59:40,924 INFO    HandlerThread:968835 [handler.py:handle_request_defer():170] handle defer: 2
2025-02-12 10:59:40,924 INFO    HandlerThread:968835 [system_monitor.py:finish():190] Stopping system monitor
2025-02-12 10:59:40,924 DEBUG   SystemMonitor:968835 [system_monitor.py:_start():159] Starting system metrics aggregation loop
2025-02-12 10:59:40,926 INFO    HandlerThread:968835 [interfaces.py:finish():202] Joined cpu monitor
2025-02-12 10:59:40,926 DEBUG   SystemMonitor:968835 [system_monitor.py:_start():166] Finished system metrics aggregation loop
2025-02-12 10:59:40,926 INFO    HandlerThread:968835 [interfaces.py:finish():202] Joined disk monitor
2025-02-12 10:59:40,926 DEBUG   SystemMonitor:968835 [system_monitor.py:_start():170] Publishing last batch of metrics
2025-02-12 10:59:41,461 INFO    HandlerThread:968835 [interfaces.py:finish():202] Joined gpu monitor
2025-02-12 10:59:41,462 INFO    HandlerThread:968835 [interfaces.py:finish():202] Joined memory monitor
2025-02-12 10:59:41,462 INFO    HandlerThread:968835 [interfaces.py:finish():202] Joined network monitor
2025-02-12 10:59:41,463 DEBUG   SenderThread:968835 [sender.py:send_request():406] send_request: defer
2025-02-12 10:59:41,463 INFO    SenderThread:968835 [sender.py:send_request_defer():608] handle sender defer: 2
2025-02-12 10:59:41,463 INFO    SenderThread:968835 [sender.py:transition_state():612] send defer: 3
2025-02-12 10:59:41,464 DEBUG   SenderThread:968835 [sender.py:send():379] send: stats
2025-02-12 10:59:41,465 DEBUG   HandlerThread:968835 [handler.py:handle_request():144] handle_request: defer
2025-02-12 10:59:41,465 INFO    HandlerThread:968835 [handler.py:handle_request_defer():170] handle defer: 3
2025-02-12 10:59:41,465 DEBUG   SenderThread:968835 [sender.py:send_request():406] send_request: defer
2025-02-12 10:59:41,466 INFO    SenderThread:968835 [sender.py:send_request_defer():608] handle sender defer: 3
2025-02-12 10:59:41,466 INFO    SenderThread:968835 [sender.py:transition_state():612] send defer: 4
2025-02-12 10:59:41,466 DEBUG   HandlerThread:968835 [handler.py:handle_request():144] handle_request: defer
2025-02-12 10:59:41,466 INFO    HandlerThread:968835 [handler.py:handle_request_defer():170] handle defer: 4
2025-02-12 10:59:41,466 DEBUG   SenderThread:968835 [sender.py:send_request():406] send_request: defer
2025-02-12 10:59:41,466 INFO    SenderThread:968835 [sender.py:send_request_defer():608] handle sender defer: 4
2025-02-12 10:59:41,467 INFO    SenderThread:968835 [sender.py:transition_state():612] send defer: 5
2025-02-12 10:59:41,467 DEBUG   HandlerThread:968835 [handler.py:handle_request():144] handle_request: defer
2025-02-12 10:59:41,467 INFO    HandlerThread:968835 [handler.py:handle_request_defer():170] handle defer: 5
2025-02-12 10:59:41,467 DEBUG   SenderThread:968835 [sender.py:send():379] send: summary
2025-02-12 10:59:41,469 INFO    SenderThread:968835 [sender.py:_save_file():1375] saving file wandb-summary.json with policy end
2025-02-12 10:59:41,470 DEBUG   SenderThread:968835 [sender.py:send_request():406] send_request: defer
2025-02-12 10:59:41,470 INFO    SenderThread:968835 [sender.py:send_request_defer():608] handle sender defer: 5
2025-02-12 10:59:41,470 INFO    SenderThread:968835 [sender.py:transition_state():612] send defer: 6
2025-02-12 10:59:41,470 DEBUG   HandlerThread:968835 [handler.py:handle_request():144] handle_request: defer
2025-02-12 10:59:41,470 INFO    HandlerThread:968835 [handler.py:handle_request_defer():170] handle defer: 6
2025-02-12 10:59:41,471 DEBUG   SenderThread:968835 [sender.py:send_request():406] send_request: defer
2025-02-12 10:59:41,471 INFO    SenderThread:968835 [sender.py:send_request_defer():608] handle sender defer: 6
2025-02-12 10:59:41,476 DEBUG   HandlerThread:968835 [handler.py:handle_request():144] handle_request: status_report
2025-02-12 10:59:41,566 INFO    SenderThread:968835 [sender.py:transition_state():612] send defer: 7
2025-02-12 10:59:41,567 DEBUG   HandlerThread:968835 [handler.py:handle_request():144] handle_request: defer
2025-02-12 10:59:41,567 INFO    HandlerThread:968835 [handler.py:handle_request_defer():170] handle defer: 7
2025-02-12 10:59:41,567 DEBUG   SenderThread:968835 [sender.py:send_request():406] send_request: defer
2025-02-12 10:59:41,567 INFO    SenderThread:968835 [sender.py:send_request_defer():608] handle sender defer: 7
2025-02-12 10:59:41,577 INFO    Thread-12 :968835 [dir_watcher.py:_on_file_modified():288] file/dir modified: /data/sls/scratch/nmorgan/LOGIC/model_editing/malmen/wandb/run-20250212_105931-icr92x50/files/wandb-summary.json
2025-02-12 10:59:41,577 INFO    Thread-12 :968835 [dir_watcher.py:_on_file_modified():288] file/dir modified: /data/sls/scratch/nmorgan/LOGIC/model_editing/malmen/wandb/run-20250212_105931-icr92x50/files/config.yaml
2025-02-12 10:59:41,918 DEBUG   HandlerThread:968835 [handler.py:handle_request():144] handle_request: poll_exit
2025-02-12 10:59:42,658 INFO    SenderThread:968835 [sender.py:transition_state():612] send defer: 8
2025-02-12 10:59:42,659 DEBUG   SenderThread:968835 [sender.py:send_request():406] send_request: poll_exit
2025-02-12 10:59:42,659 DEBUG   HandlerThread:968835 [handler.py:handle_request():144] handle_request: defer
2025-02-12 10:59:42,659 INFO    HandlerThread:968835 [handler.py:handle_request_defer():170] handle defer: 8
2025-02-12 10:59:42,660 DEBUG   SenderThread:968835 [sender.py:send_request():406] send_request: defer
2025-02-12 10:59:42,660 INFO    SenderThread:968835 [sender.py:send_request_defer():608] handle sender defer: 8
2025-02-12 10:59:42,660 INFO    SenderThread:968835 [job_builder.py:build():281] Attempting to build job artifact
2025-02-12 10:59:42,662 INFO    SenderThread:968835 [job_builder.py:_get_source_type():400] is repo sourced job
2025-02-12 10:59:42,919 DEBUG   HandlerThread:968835 [handler.py:handle_request():144] handle_request: poll_exit
2025-02-12 10:59:42,920 INFO    HandlerThread:968835 [handler.py:finish():857] shutting down handler
2025-02-12 10:59:42,920 INFO    WriterThread:968835 [datastore.py:close():294] close: /data/sls/scratch/nmorgan/LOGIC/model_editing/malmen/wandb/run-20250212_105931-icr92x50/run-icr92x50.wandb
2025-02-12 10:59:43,352 ERROR   StreamThr :968835 [internal.py:wandb_internal():174] Thread SenderThread:
Traceback (most recent call last):
  File "/data/sls/scratch/nmorgan/dotfiles/miniconda3/envs/logic-edits/lib/python3.10/site-packages/wandb/sdk/lib/filesystem.py", line 28, in mkdir_exists_ok
    os.makedirs(dir_name, exist_ok=True)
  File "/data/sls/scratch/nmorgan/dotfiles/miniconda3/envs/logic-edits/lib/python3.10/os.py", line 215, in makedirs
    makedirs(head, exist_ok=exist_ok)
  File "/data/sls/scratch/nmorgan/dotfiles/miniconda3/envs/logic-edits/lib/python3.10/os.py", line 225, in makedirs
    mkdir(name, mode)
PermissionError: [Errno 13] Permission denied: '/afs/csail.mit.edu/u/n/nmorgan/.cache/wandb'

The above exception was the direct cause of the following exception:

Traceback (most recent call last):
  File "/data/sls/scratch/nmorgan/dotfiles/miniconda3/envs/logic-edits/lib/python3.10/site-packages/wandb/sdk/internal/internal_util.py", line 49, in run
    self._run()
  File "/data/sls/scratch/nmorgan/dotfiles/miniconda3/envs/logic-edits/lib/python3.10/site-packages/wandb/sdk/internal/internal_util.py", line 100, in _run
    self._process(record)
  File "/data/sls/scratch/nmorgan/dotfiles/miniconda3/envs/logic-edits/lib/python3.10/site-packages/wandb/sdk/internal/internal.py", line 328, in _process
    self._sm.send(record)
  File "/data/sls/scratch/nmorgan/dotfiles/miniconda3/envs/logic-edits/lib/python3.10/site-packages/wandb/sdk/internal/sender.py", line 386, in send
    send_handler(record)
  File "/data/sls/scratch/nmorgan/dotfiles/miniconda3/envs/logic-edits/lib/python3.10/site-packages/wandb/sdk/internal/sender.py", line 408, in send_request
    send_handler(record)
  File "/data/sls/scratch/nmorgan/dotfiles/miniconda3/envs/logic-edits/lib/python3.10/site-packages/wandb/sdk/internal/sender.py", line 640, in send_request_defer
    self._flush_job()
  File "/data/sls/scratch/nmorgan/dotfiles/miniconda3/envs/logic-edits/lib/python3.10/site-packages/wandb/sdk/internal/sender.py", line 1628, in _flush_job
    artifact = self._job_builder.build()
  File "/data/sls/scratch/nmorgan/dotfiles/miniconda3/envs/logic-edits/lib/python3.10/site-packages/wandb/sdk/internal/job_builder.py", line 372, in build
    artifact = JobArtifact(name)
  File "/data/sls/scratch/nmorgan/dotfiles/miniconda3/envs/logic-edits/lib/python3.10/site-packages/wandb/sdk/internal/job_builder.py", line 74, in __init__
    super().__init__(name, "placeholder", *args, **kwargs)
  File "/data/sls/scratch/nmorgan/dotfiles/miniconda3/envs/logic-edits/lib/python3.10/site-packages/wandb/sdk/artifacts/artifact.py", line 172, in __init__
    self._storage_policy = WandbStoragePolicy(
  File "/data/sls/scratch/nmorgan/dotfiles/miniconda3/envs/logic-edits/lib/python3.10/site-packages/wandb/sdk/artifacts/storage_policies/wandb_storage_policy.py", line 68, in __init__
    self._cache = cache or get_artifacts_cache()
  File "/data/sls/scratch/nmorgan/dotfiles/miniconda3/envs/logic-edits/lib/python3.10/site-packages/wandb/sdk/artifacts/artifacts_cache.py", line 173, in get_artifacts_cache
    _artifacts_cache = ArtifactsCache(cache_dir)
  File "/data/sls/scratch/nmorgan/dotfiles/miniconda3/envs/logic-edits/lib/python3.10/site-packages/wandb/sdk/artifacts/artifacts_cache.py", line 36, in __init__
    mkdir_exists_ok(self._cache_dir)
  File "/data/sls/scratch/nmorgan/dotfiles/miniconda3/envs/logic-edits/lib/python3.10/site-packages/wandb/sdk/lib/filesystem.py", line 32, in mkdir_exists_ok
    raise PermissionError(f"{dir_name!s} is not writable") from e
PermissionError: /afs/csail.mit.edu/u/n/nmorgan/.cache/wandb/artifacts is not writable
