2025-02-08 23:53:37,694 INFO    StreamThr :1187327 [internal.py:wandb_internal():86] W&B internal server running at pid: 1187327, started at: 2025-02-08 23:53:37.692287
2025-02-08 23:53:37,696 DEBUG   HandlerThread:1187327 [handler.py:handle_request():144] handle_request: status
2025-02-08 23:53:37,716 INFO    WriterThread:1187327 [datastore.py:open_for_write():85] open: /data/sls/scratch/nmorgan/LOGIC/model_editing/malmen/wandb/run-20250208_235337-pt742q9h/run-pt742q9h.wandb
2025-02-08 23:53:37,717 DEBUG   SenderThread:1187327 [sender.py:send():379] send: header
2025-02-08 23:53:37,764 DEBUG   SenderThread:1187327 [sender.py:send():379] send: run
2025-02-08 23:53:37,999 INFO    SenderThread:1187327 [dir_watcher.py:__init__():211] watching files in: /data/sls/scratch/nmorgan/LOGIC/model_editing/malmen/wandb/run-20250208_235337-pt742q9h/files
2025-02-08 23:53:37,999 INFO    SenderThread:1187327 [sender.py:_start_run_threads():1121] run started: pt742q9h with start time 1739076817.711294
2025-02-08 23:53:37,999 DEBUG   SenderThread:1187327 [sender.py:send_request():406] send_request: summary_record
2025-02-08 23:53:38,001 INFO    SenderThread:1187327 [sender.py:_save_file():1375] saving file wandb-summary.json with policy end
2025-02-08 23:53:38,019 DEBUG   HandlerThread:1187327 [handler.py:handle_request():144] handle_request: check_version
2025-02-08 23:53:38,020 DEBUG   SenderThread:1187327 [sender.py:send_request():406] send_request: check_version
2025-02-08 23:53:38,118 DEBUG   HandlerThread:1187327 [handler.py:handle_request():144] handle_request: run_start
2025-02-08 23:53:38,172 ERROR   HandlerThread:1187327 [gpu.py:is_available():381] Error initializing NVML: RM has detected an NVML/RM version mismatch.
2025-02-08 23:53:38,173 DEBUG   HandlerThread:1187327 [system_info.py:__init__():31] System info init
2025-02-08 23:53:38,173 DEBUG   HandlerThread:1187327 [system_info.py:__init__():46] System info init done
2025-02-08 23:53:38,173 INFO    HandlerThread:1187327 [system_monitor.py:start():181] Starting system monitor
2025-02-08 23:53:38,174 INFO    SystemMonitor:1187327 [system_monitor.py:_start():145] Starting system asset monitoring threads
2025-02-08 23:53:38,174 INFO    HandlerThread:1187327 [system_monitor.py:probe():201] Collecting system info
2025-02-08 23:53:38,175 INFO    SystemMonitor:1187327 [interfaces.py:start():190] Started cpu monitoring
2025-02-08 23:53:38,176 INFO    SystemMonitor:1187327 [interfaces.py:start():190] Started disk monitoring
2025-02-08 23:53:38,178 INFO    SystemMonitor:1187327 [interfaces.py:start():190] Started memory monitoring
2025-02-08 23:53:38,179 INFO    SystemMonitor:1187327 [interfaces.py:start():190] Started network monitoring
2025-02-08 23:53:38,244 DEBUG   HandlerThread:1187327 [system_info.py:probe():195] Probing system
2025-02-08 23:53:38,248 DEBUG   HandlerThread:1187327 [system_info.py:_probe_git():180] Probing git
2025-02-08 23:53:38,270 DEBUG   HandlerThread:1187327 [system_info.py:_probe_git():188] Probing git done
2025-02-08 23:53:38,270 DEBUG   HandlerThread:1187327 [system_info.py:probe():240] Probing system done
2025-02-08 23:53:38,270 DEBUG   HandlerThread:1187327 [system_monitor.py:probe():210] {'os': 'Linux-5.15.0-128-generic-x86_64-with-glibc2.35', 'python': '3.10.16', 'heartbeatAt': '2025-02-09T04:53:38.244138', 'startedAt': '2025-02-09T04:53:37.655488', 'docker': None, 'cuda': None, 'args': (), 'state': 'running', 'program': '/data/sls/scratch/nmorgan/LOGIC/model_editing/malmen/main.py', 'codePath': 'main.py', 'git': {'remote': 'https://github.com/ChenmienTan/malmen', 'commit': '1df295dc032b3ff9a002976e081432cb4f09d342'}, 'email': None, 'root': '/data/sls/scratch/nmorgan/LOGIC/model_editing/malmen', 'host': 'sls-2080-1.csail.mit.edu', 'username': 'nmorgan', 'executable': '/data/sls/scratch/nmorgan/dotfiles/miniconda3/envs/logic-edits/bin/python', 'cpu_count': 20, 'cpu_count_logical': 40, 'cpu_freq': {'current': 1382.5001, 'min': 800.0, 'max': 3000.0}, 'cpu_freq_per_core': [{'current': 800.0, 'min': 800.0, 'max': 3000.0}, {'current': 800.0, 'min': 800.0, 'max': 3000.0}, {'current': 800.0, 'min': 800.0, 'max': 3000.0}, {'current': 3000.0, 'min': 800.0, 'max': 3000.0}, {'current': 800.0, 'min': 800.0, 'max': 3000.0}, {'current': 2800.0, 'min': 800.0, 'max': 3000.0}, {'current': 3000.0, 'min': 800.0, 'max': 3000.0}, {'current': 3000.0, 'min': 800.0, 'max': 3000.0}, {'current': 3000.0, 'min': 800.0, 'max': 3000.0}, {'current': 800.0, 'min': 800.0, 'max': 3000.0}, {'current': 800.0, 'min': 800.0, 'max': 3000.0}, {'current': 1900.0, 'min': 800.0, 'max': 3000.0}, {'current': 1100.0, 'min': 800.0, 'max': 3000.0}, {'current': 800.0, 'min': 800.0, 'max': 3000.0}, {'current': 1000.0, 'min': 800.0, 'max': 3000.0}, {'current': 800.0, 'min': 800.0, 'max': 3000.0}, {'current': 800.0, 'min': 800.0, 'max': 3000.0}, {'current': 800.0, 'min': 800.0, 'max': 3000.0}, {'current': 800.0, 'min': 800.0, 'max': 3000.0}, {'current': 1900.0, 'min': 800.0, 'max': 3000.0}, {'current': 800.0, 'min': 800.0, 'max': 3000.0}, {'current': 800.0, 'min': 800.0, 'max': 3000.0}, {'current': 800.0, 'min': 800.0, 'max': 3000.0}, {'current': 800.0, 'min': 800.0, 'max': 3000.0}, {'current': 800.0, 'min': 800.0, 'max': 3000.0}, {'current': 800.0, 'min': 800.0, 'max': 3000.0}, {'current': 800.0, 'min': 800.0, 'max': 3000.0}, {'current': 800.0, 'min': 800.0, 'max': 3000.0}, {'current': 3000.0, 'min': 800.0, 'max': 3000.0}, {'current': 2000.0, 'min': 800.0, 'max': 3000.0}, {'current': 800.0, 'min': 800.0, 'max': 3000.0}, {'current': 800.0, 'min': 800.0, 'max': 3000.0}, {'current': 3000.0, 'min': 800.0, 'max': 3000.0}, {'current': 1900.0, 'min': 800.0, 'max': 3000.0}, {'current': 3000.0, 'min': 800.0, 'max': 3000.0}, {'current': 3000.0, 'min': 800.0, 'max': 3000.0}, {'current': 800.0, 'min': 800.0, 'max': 3000.0}, {'current': 799.999, 'min': 800.0, 'max': 3000.0}, {'current': 800.0, 'min': 800.0, 'max': 3000.0}, {'current': 800.0, 'min': 800.0, 'max': 3000.0}], 'disk': {'total': 426.3602294921875, 'used': 6.9013671875}, 'memory': {'total': 187.54576873779297}}
2025-02-08 23:53:38,271 INFO    HandlerThread:1187327 [system_monitor.py:probe():211] Finished collecting system info
2025-02-08 23:53:38,271 INFO    HandlerThread:1187327 [system_monitor.py:probe():214] Publishing system info
2025-02-08 23:53:38,271 DEBUG   HandlerThread:1187327 [system_info.py:_save_pip():51] Saving list of pip packages installed into the current environment
2025-02-08 23:53:38,272 DEBUG   HandlerThread:1187327 [system_info.py:_save_pip():67] Saving pip packages done
2025-02-08 23:53:38,273 DEBUG   HandlerThread:1187327 [system_info.py:_save_conda():74] Saving list of conda packages installed into the current environment
2025-02-08 23:53:39,004 INFO    Thread-12 :1187327 [dir_watcher.py:_on_file_created():271] file/dir created: /data/sls/scratch/nmorgan/LOGIC/model_editing/malmen/wandb/run-20250208_235337-pt742q9h/files/wandb-summary.json
2025-02-08 23:53:39,004 INFO    Thread-12 :1187327 [dir_watcher.py:_on_file_created():271] file/dir created: /data/sls/scratch/nmorgan/LOGIC/model_editing/malmen/wandb/run-20250208_235337-pt742q9h/files/requirements.txt
2025-02-08 23:53:39,004 INFO    Thread-12 :1187327 [dir_watcher.py:_on_file_created():271] file/dir created: /data/sls/scratch/nmorgan/LOGIC/model_editing/malmen/wandb/run-20250208_235337-pt742q9h/files/conda-environment.yaml
2025-02-08 23:53:41,460 DEBUG   HandlerThread:1187327 [system_info.py:_save_conda():86] Saving conda packages done
2025-02-08 23:53:41,463 INFO    HandlerThread:1187327 [system_monitor.py:probe():216] Finished publishing system info
2025-02-08 23:53:41,515 DEBUG   SenderThread:1187327 [sender.py:send():379] send: files
2025-02-08 23:53:41,516 INFO    SenderThread:1187327 [sender.py:_save_file():1375] saving file wandb-metadata.json with policy now
2025-02-08 23:53:41,527 DEBUG   HandlerThread:1187327 [handler.py:handle_request():144] handle_request: stop_status
2025-02-08 23:53:41,528 DEBUG   SenderThread:1187327 [sender.py:send_request():406] send_request: stop_status
2025-02-08 23:53:41,690 DEBUG   SenderThread:1187327 [sender.py:send():379] send: telemetry
2025-02-08 23:53:41,805 INFO    wandb-upload_0:1187327 [upload_job.py:push():131] Uploaded file /tmp/tmp19cwqg04wandb/podrzhfz-wandb-metadata.json
2025-02-08 23:53:42,007 INFO    Thread-12 :1187327 [dir_watcher.py:_on_file_created():271] file/dir created: /data/sls/scratch/nmorgan/LOGIC/model_editing/malmen/wandb/run-20250208_235337-pt742q9h/files/wandb-metadata.json
2025-02-08 23:53:42,007 INFO    Thread-12 :1187327 [dir_watcher.py:_on_file_created():271] file/dir created: /data/sls/scratch/nmorgan/LOGIC/model_editing/malmen/wandb/run-20250208_235337-pt742q9h/files/output.log
2025-02-08 23:53:43,692 DEBUG   HandlerThread:1187327 [handler.py:handle_request():144] handle_request: status_report
2025-02-08 23:53:44,010 INFO    Thread-12 :1187327 [dir_watcher.py:_on_file_modified():288] file/dir modified: /data/sls/scratch/nmorgan/LOGIC/model_editing/malmen/wandb/run-20250208_235337-pt742q9h/files/output.log
2025-02-08 23:53:48,693 DEBUG   HandlerThread:1187327 [handler.py:handle_request():144] handle_request: status_report
2025-02-08 23:53:53,694 DEBUG   HandlerThread:1187327 [handler.py:handle_request():144] handle_request: status_report
2025-02-08 23:53:56,527 DEBUG   HandlerThread:1187327 [handler.py:handle_request():144] handle_request: stop_status
2025-02-08 23:53:56,528 DEBUG   SenderThread:1187327 [sender.py:send_request():406] send_request: stop_status
2025-02-08 23:53:59,605 DEBUG   HandlerThread:1187327 [handler.py:handle_request():144] handle_request: status_report
2025-02-08 23:54:04,606 DEBUG   HandlerThread:1187327 [handler.py:handle_request():144] handle_request: status_report
2025-02-08 23:54:09,622 DEBUG   HandlerThread:1187327 [handler.py:handle_request():144] handle_request: status_report
2025-02-08 23:54:10,075 INFO    Thread-12 :1187327 [dir_watcher.py:_on_file_modified():288] file/dir modified: /data/sls/scratch/nmorgan/LOGIC/model_editing/malmen/wandb/run-20250208_235337-pt742q9h/files/config.yaml
2025-02-08 23:54:12,261 DEBUG   HandlerThread:1187327 [handler.py:handle_request():144] handle_request: stop_status
2025-02-08 23:54:12,262 DEBUG   SenderThread:1187327 [sender.py:send_request():406] send_request: stop_status
2025-02-08 23:54:15,400 DEBUG   HandlerThread:1187327 [handler.py:handle_request():144] handle_request: status_report
2025-02-08 23:54:20,169 DEBUG   SenderThread:1187327 [sender.py:send():379] send: exit
2025-02-08 23:54:20,170 INFO    SenderThread:1187327 [sender.py:send_exit():584] handling exit code: 1
2025-02-08 23:54:20,170 INFO    SenderThread:1187327 [sender.py:send_exit():586] handling runtime: 42
2025-02-08 23:54:20,174 INFO    SenderThread:1187327 [sender.py:_save_file():1375] saving file wandb-summary.json with policy end
2025-02-08 23:54:20,175 INFO    SenderThread:1187327 [sender.py:send_exit():592] send defer
2025-02-08 23:54:20,176 DEBUG   HandlerThread:1187327 [handler.py:handle_request():144] handle_request: defer
2025-02-08 23:54:20,176 INFO    HandlerThread:1187327 [handler.py:handle_request_defer():170] handle defer: 0
2025-02-08 23:54:20,176 DEBUG   SenderThread:1187327 [sender.py:send_request():406] send_request: defer
2025-02-08 23:54:20,177 INFO    SenderThread:1187327 [sender.py:send_request_defer():608] handle sender defer: 0
2025-02-08 23:54:20,177 INFO    SenderThread:1187327 [sender.py:transition_state():612] send defer: 1
2025-02-08 23:54:20,177 DEBUG   HandlerThread:1187327 [handler.py:handle_request():144] handle_request: defer
2025-02-08 23:54:20,177 INFO    HandlerThread:1187327 [handler.py:handle_request_defer():170] handle defer: 1
2025-02-08 23:54:20,178 DEBUG   SenderThread:1187327 [sender.py:send_request():406] send_request: defer
2025-02-08 23:54:20,178 INFO    SenderThread:1187327 [sender.py:send_request_defer():608] handle sender defer: 1
2025-02-08 23:54:20,178 INFO    SenderThread:1187327 [sender.py:transition_state():612] send defer: 2
2025-02-08 23:54:20,178 DEBUG   HandlerThread:1187327 [handler.py:handle_request():144] handle_request: defer
2025-02-08 23:54:20,179 INFO    HandlerThread:1187327 [handler.py:handle_request_defer():170] handle defer: 2
2025-02-08 23:54:20,179 INFO    HandlerThread:1187327 [system_monitor.py:finish():190] Stopping system monitor
2025-02-08 23:54:20,180 DEBUG   SystemMonitor:1187327 [system_monitor.py:_start():159] Starting system metrics aggregation loop
2025-02-08 23:54:20,180 DEBUG   SystemMonitor:1187327 [system_monitor.py:_start():166] Finished system metrics aggregation loop
2025-02-08 23:54:20,180 DEBUG   SystemMonitor:1187327 [system_monitor.py:_start():170] Publishing last batch of metrics
2025-02-08 23:54:20,181 INFO    HandlerThread:1187327 [interfaces.py:finish():202] Joined cpu monitor
2025-02-08 23:54:20,182 INFO    HandlerThread:1187327 [interfaces.py:finish():202] Joined disk monitor
2025-02-08 23:54:20,182 INFO    HandlerThread:1187327 [interfaces.py:finish():202] Joined memory monitor
2025-02-08 23:54:20,182 INFO    HandlerThread:1187327 [interfaces.py:finish():202] Joined network monitor
2025-02-08 23:54:20,183 DEBUG   SenderThread:1187327 [sender.py:send_request():406] send_request: defer
2025-02-08 23:54:20,183 INFO    SenderThread:1187327 [sender.py:send_request_defer():608] handle sender defer: 2
2025-02-08 23:54:20,184 INFO    SenderThread:1187327 [sender.py:transition_state():612] send defer: 3
2025-02-08 23:54:20,184 DEBUG   SenderThread:1187327 [sender.py:send():379] send: stats
2025-02-08 23:54:20,185 DEBUG   HandlerThread:1187327 [handler.py:handle_request():144] handle_request: defer
2025-02-08 23:54:20,185 INFO    HandlerThread:1187327 [handler.py:handle_request_defer():170] handle defer: 3
2025-02-08 23:54:20,186 DEBUG   SenderThread:1187327 [sender.py:send_request():406] send_request: defer
2025-02-08 23:54:20,186 INFO    SenderThread:1187327 [sender.py:send_request_defer():608] handle sender defer: 3
2025-02-08 23:54:20,186 INFO    SenderThread:1187327 [sender.py:transition_state():612] send defer: 4
2025-02-08 23:54:20,186 DEBUG   HandlerThread:1187327 [handler.py:handle_request():144] handle_request: defer
2025-02-08 23:54:20,187 INFO    HandlerThread:1187327 [handler.py:handle_request_defer():170] handle defer: 4
2025-02-08 23:54:20,187 DEBUG   SenderThread:1187327 [sender.py:send_request():406] send_request: defer
2025-02-08 23:54:20,187 INFO    SenderThread:1187327 [sender.py:send_request_defer():608] handle sender defer: 4
2025-02-08 23:54:20,188 INFO    SenderThread:1187327 [sender.py:transition_state():612] send defer: 5
2025-02-08 23:54:20,188 DEBUG   HandlerThread:1187327 [handler.py:handle_request():144] handle_request: defer
2025-02-08 23:54:20,188 INFO    HandlerThread:1187327 [handler.py:handle_request_defer():170] handle defer: 5
2025-02-08 23:54:20,189 DEBUG   SenderThread:1187327 [sender.py:send():379] send: summary
2025-02-08 23:54:20,191 INFO    SenderThread:1187327 [sender.py:_save_file():1375] saving file wandb-summary.json with policy end
2025-02-08 23:54:20,192 DEBUG   SenderThread:1187327 [sender.py:send_request():406] send_request: defer
2025-02-08 23:54:20,192 INFO    SenderThread:1187327 [sender.py:send_request_defer():608] handle sender defer: 5
2025-02-08 23:54:20,192 INFO    SenderThread:1187327 [sender.py:transition_state():612] send defer: 6
2025-02-08 23:54:20,192 DEBUG   HandlerThread:1187327 [handler.py:handle_request():144] handle_request: defer
2025-02-08 23:54:20,193 INFO    HandlerThread:1187327 [handler.py:handle_request_defer():170] handle defer: 6
2025-02-08 23:54:20,193 DEBUG   SenderThread:1187327 [sender.py:send_request():406] send_request: defer
2025-02-08 23:54:20,193 INFO    SenderThread:1187327 [sender.py:send_request_defer():608] handle sender defer: 6
2025-02-08 23:54:20,194 INFO    SenderThread:1187327 [sender.py:transition_state():612] send defer: 7
2025-02-08 23:54:20,194 DEBUG   HandlerThread:1187327 [handler.py:handle_request():144] handle_request: status_report
2025-02-08 23:54:20,194 DEBUG   HandlerThread:1187327 [handler.py:handle_request():144] handle_request: defer
2025-02-08 23:54:20,194 INFO    HandlerThread:1187327 [handler.py:handle_request_defer():170] handle defer: 7
2025-02-08 23:54:20,195 DEBUG   SenderThread:1187327 [sender.py:send_request():406] send_request: defer
2025-02-08 23:54:20,195 INFO    SenderThread:1187327 [sender.py:send_request_defer():608] handle sender defer: 7
2025-02-08 23:54:21,087 INFO    Thread-12 :1187327 [dir_watcher.py:_on_file_modified():288] file/dir modified: /data/sls/scratch/nmorgan/LOGIC/model_editing/malmen/wandb/run-20250208_235337-pt742q9h/files/wandb-summary.json
2025-02-08 23:54:21,169 DEBUG   HandlerThread:1187327 [handler.py:handle_request():144] handle_request: poll_exit
2025-02-08 23:54:21,882 INFO    SenderThread:1187327 [sender.py:transition_state():612] send defer: 8
2025-02-08 23:54:21,882 DEBUG   SenderThread:1187327 [sender.py:send_request():406] send_request: poll_exit
2025-02-08 23:54:21,882 DEBUG   HandlerThread:1187327 [handler.py:handle_request():144] handle_request: defer
2025-02-08 23:54:21,883 INFO    HandlerThread:1187327 [handler.py:handle_request_defer():170] handle defer: 8
2025-02-08 23:54:21,883 DEBUG   SenderThread:1187327 [sender.py:send_request():406] send_request: defer
2025-02-08 23:54:21,884 INFO    SenderThread:1187327 [sender.py:send_request_defer():608] handle sender defer: 8
2025-02-08 23:54:21,884 INFO    SenderThread:1187327 [job_builder.py:build():281] Attempting to build job artifact
2025-02-08 23:54:21,885 INFO    SenderThread:1187327 [job_builder.py:_get_source_type():400] is repo sourced job
2025-02-08 23:54:22,089 INFO    Thread-12 :1187327 [dir_watcher.py:_on_file_modified():288] file/dir modified: /data/sls/scratch/nmorgan/LOGIC/model_editing/malmen/wandb/run-20250208_235337-pt742q9h/files/output.log
2025-02-08 23:54:22,171 DEBUG   HandlerThread:1187327 [handler.py:handle_request():144] handle_request: poll_exit
2025-02-08 23:54:22,171 INFO    HandlerThread:1187327 [handler.py:finish():857] shutting down handler
2025-02-08 23:54:22,171 INFO    WriterThread:1187327 [datastore.py:close():294] close: /data/sls/scratch/nmorgan/LOGIC/model_editing/malmen/wandb/run-20250208_235337-pt742q9h/run-pt742q9h.wandb
2025-02-08 23:54:22,752 ERROR   StreamThr :1187327 [internal.py:wandb_internal():174] Thread SenderThread:
Traceback (most recent call last):
  File "/data/sls/scratch/nmorgan/dotfiles/miniconda3/envs/logic-edits/lib/python3.10/site-packages/wandb/sdk/lib/filesystem.py", line 28, in mkdir_exists_ok
    os.makedirs(dir_name, exist_ok=True)
  File "/data/sls/scratch/nmorgan/dotfiles/miniconda3/envs/logic-edits/lib/python3.10/os.py", line 215, in makedirs
    makedirs(head, exist_ok=exist_ok)
  File "/data/sls/scratch/nmorgan/dotfiles/miniconda3/envs/logic-edits/lib/python3.10/os.py", line 225, in makedirs
    mkdir(name, mode)
PermissionError: [Errno 13] Permission denied: '/afs/csail.mit.edu/u/n/nmorgan/.cache/wandb'

The above exception was the direct cause of the following exception:

Traceback (most recent call last):
  File "/data/sls/scratch/nmorgan/dotfiles/miniconda3/envs/logic-edits/lib/python3.10/site-packages/wandb/sdk/internal/internal_util.py", line 49, in run
    self._run()
  File "/data/sls/scratch/nmorgan/dotfiles/miniconda3/envs/logic-edits/lib/python3.10/site-packages/wandb/sdk/internal/internal_util.py", line 100, in _run
    self._process(record)
  File "/data/sls/scratch/nmorgan/dotfiles/miniconda3/envs/logic-edits/lib/python3.10/site-packages/wandb/sdk/internal/internal.py", line 328, in _process
    self._sm.send(record)
  File "/data/sls/scratch/nmorgan/dotfiles/miniconda3/envs/logic-edits/lib/python3.10/site-packages/wandb/sdk/internal/sender.py", line 386, in send
    send_handler(record)
  File "/data/sls/scratch/nmorgan/dotfiles/miniconda3/envs/logic-edits/lib/python3.10/site-packages/wandb/sdk/internal/sender.py", line 408, in send_request
    send_handler(record)
  File "/data/sls/scratch/nmorgan/dotfiles/miniconda3/envs/logic-edits/lib/python3.10/site-packages/wandb/sdk/internal/sender.py", line 640, in send_request_defer
    self._flush_job()
  File "/data/sls/scratch/nmorgan/dotfiles/miniconda3/envs/logic-edits/lib/python3.10/site-packages/wandb/sdk/internal/sender.py", line 1628, in _flush_job
    artifact = self._job_builder.build()
  File "/data/sls/scratch/nmorgan/dotfiles/miniconda3/envs/logic-edits/lib/python3.10/site-packages/wandb/sdk/internal/job_builder.py", line 372, in build
    artifact = JobArtifact(name)
  File "/data/sls/scratch/nmorgan/dotfiles/miniconda3/envs/logic-edits/lib/python3.10/site-packages/wandb/sdk/internal/job_builder.py", line 74, in __init__
    super().__init__(name, "placeholder", *args, **kwargs)
  File "/data/sls/scratch/nmorgan/dotfiles/miniconda3/envs/logic-edits/lib/python3.10/site-packages/wandb/sdk/artifacts/artifact.py", line 172, in __init__
    self._storage_policy = WandbStoragePolicy(
  File "/data/sls/scratch/nmorgan/dotfiles/miniconda3/envs/logic-edits/lib/python3.10/site-packages/wandb/sdk/artifacts/storage_policies/wandb_storage_policy.py", line 68, in __init__
    self._cache = cache or get_artifacts_cache()
  File "/data/sls/scratch/nmorgan/dotfiles/miniconda3/envs/logic-edits/lib/python3.10/site-packages/wandb/sdk/artifacts/artifacts_cache.py", line 173, in get_artifacts_cache
    _artifacts_cache = ArtifactsCache(cache_dir)
  File "/data/sls/scratch/nmorgan/dotfiles/miniconda3/envs/logic-edits/lib/python3.10/site-packages/wandb/sdk/artifacts/artifacts_cache.py", line 36, in __init__
    mkdir_exists_ok(self._cache_dir)
  File "/data/sls/scratch/nmorgan/dotfiles/miniconda3/envs/logic-edits/lib/python3.10/site-packages/wandb/sdk/lib/filesystem.py", line 32, in mkdir_exists_ok
    raise PermissionError(f"{dir_name!s} is not writable") from e
PermissionError: /afs/csail.mit.edu/u/n/nmorgan/.cache/wandb/artifacts is not writable
