2025-01-30 20:30:06,682 INFO    StreamThr :3298217 [internal.py:wandb_internal():86] W&B internal server running at pid: 3298217, started at: 2025-01-30 20:30:06.681806
2025-01-30 20:30:06,684 DEBUG   HandlerThread:3298217 [handler.py:handle_request():144] handle_request: status
2025-01-30 20:30:06,687 INFO    WriterThread:3298217 [datastore.py:open_for_write():85] open: /data/sls/scratch/nmorgan/LOGIC/model_editing/malmen/wandb/run-20250130_203006-ioqzrgsn/run-ioqzrgsn.wandb
2025-01-30 20:30:06,688 DEBUG   SenderThread:3298217 [sender.py:send():379] send: header
2025-01-30 20:30:06,699 DEBUG   SenderThread:3298217 [sender.py:send():379] send: run
2025-01-30 20:30:06,948 INFO    SenderThread:3298217 [dir_watcher.py:__init__():211] watching files in: /data/sls/scratch/nmorgan/LOGIC/model_editing/malmen/wandb/run-20250130_203006-ioqzrgsn/files
2025-01-30 20:30:06,948 INFO    SenderThread:3298217 [sender.py:_start_run_threads():1121] run started: ioqzrgsn with start time 1738287006.682674
2025-01-30 20:30:06,948 DEBUG   SenderThread:3298217 [sender.py:send_request():406] send_request: summary_record
2025-01-30 20:30:06,950 INFO    SenderThread:3298217 [sender.py:_save_file():1375] saving file wandb-summary.json with policy end
2025-01-30 20:30:06,961 DEBUG   HandlerThread:3298217 [handler.py:handle_request():144] handle_request: check_version
2025-01-30 20:30:06,962 DEBUG   SenderThread:3298217 [sender.py:send_request():406] send_request: check_version
2025-01-30 20:30:07,041 DEBUG   HandlerThread:3298217 [handler.py:handle_request():144] handle_request: run_start
2025-01-30 20:30:07,086 ERROR   HandlerThread:3298217 [gpu.py:is_available():381] Error initializing NVML: RM has detected an NVML/RM version mismatch.
2025-01-30 20:30:07,087 DEBUG   HandlerThread:3298217 [system_info.py:__init__():31] System info init
2025-01-30 20:30:07,088 DEBUG   HandlerThread:3298217 [system_info.py:__init__():46] System info init done
2025-01-30 20:30:07,088 INFO    HandlerThread:3298217 [system_monitor.py:start():181] Starting system monitor
2025-01-30 20:30:07,088 INFO    SystemMonitor:3298217 [system_monitor.py:_start():145] Starting system asset monitoring threads
2025-01-30 20:30:07,088 INFO    HandlerThread:3298217 [system_monitor.py:probe():201] Collecting system info
2025-01-30 20:30:07,089 INFO    SystemMonitor:3298217 [interfaces.py:start():190] Started cpu monitoring
2025-01-30 20:30:07,090 INFO    SystemMonitor:3298217 [interfaces.py:start():190] Started disk monitoring
2025-01-30 20:30:07,092 INFO    SystemMonitor:3298217 [interfaces.py:start():190] Started memory monitoring
2025-01-30 20:30:07,093 INFO    SystemMonitor:3298217 [interfaces.py:start():190] Started network monitoring
2025-01-30 20:30:07,129 DEBUG   HandlerThread:3298217 [system_info.py:probe():195] Probing system
2025-01-30 20:30:07,134 DEBUG   HandlerThread:3298217 [system_info.py:_probe_git():180] Probing git
2025-01-30 20:30:07,154 DEBUG   HandlerThread:3298217 [system_info.py:_probe_git():188] Probing git done
2025-01-30 20:30:07,155 DEBUG   HandlerThread:3298217 [system_info.py:probe():240] Probing system done
2025-01-30 20:30:07,155 DEBUG   HandlerThread:3298217 [system_monitor.py:probe():210] {'os': 'Linux-5.15.0-128-generic-x86_64-with-glibc2.35', 'python': '3.10.16', 'heartbeatAt': '2025-01-31T01:30:07.129887', 'startedAt': '2025-01-31T01:30:06.646312', 'docker': None, 'cuda': None, 'args': (), 'state': 'running', 'program': '/data/sls/scratch/nmorgan/LOGIC/model_editing/malmen/main.py', 'codePath': 'main.py', 'git': {'remote': 'https://github.com/ChenmienTan/malmen', 'commit': '1df295dc032b3ff9a002976e081432cb4f09d342'}, 'email': None, 'root': '/data/sls/scratch/nmorgan/LOGIC/model_editing/malmen', 'host': 'sls-2080-1.csail.mit.edu', 'username': 'nmorgan', 'executable': '/data/sls/scratch/nmorgan/dotfiles/miniconda3/envs/logic-edits/bin/python', 'cpu_count': 20, 'cpu_count_logical': 40, 'cpu_freq': {'current': 1554.936425, 'min': 800.0, 'max': 3000.0}, 'cpu_freq_per_core': [{'current': 800.0, 'min': 800.0, 'max': 3000.0}, {'current': 800.0, 'min': 800.0, 'max': 3000.0}, {'current': 800.0, 'min': 800.0, 'max': 3000.0}, {'current': 800.0, 'min': 800.0, 'max': 3000.0}, {'current': 800.0, 'min': 800.0, 'max': 3000.0}, {'current': 800.0, 'min': 800.0, 'max': 3000.0}, {'current': 3000.0, 'min': 800.0, 'max': 3000.0}, {'current': 800.0, 'min': 800.0, 'max': 3000.0}, {'current': 3000.0, 'min': 800.0, 'max': 3000.0}, {'current': 3000.0, 'min': 800.0, 'max': 3000.0}, {'current': 800.0, 'min': 800.0, 'max': 3000.0}, {'current': 800.0, 'min': 800.0, 'max': 3000.0}, {'current': 3000.0, 'min': 800.0, 'max': 3000.0}, {'current': 1900.0, 'min': 800.0, 'max': 3000.0}, {'current': 800.0, 'min': 800.0, 'max': 3000.0}, {'current': 1900.0, 'min': 800.0, 'max': 3000.0}, {'current': 800.0, 'min': 800.0, 'max': 3000.0}, {'current': 1900.0, 'min': 800.0, 'max': 3000.0}, {'current': 800.0, 'min': 800.0, 'max': 3000.0}, {'current': 1900.0, 'min': 800.0, 'max': 3000.0}, {'current': 800.0, 'min': 800.0, 'max': 3000.0}, {'current': 3000.0, 'min': 800.0, 'max': 3000.0}, {'current': 800.0, 'min': 800.0, 'max': 3000.0}, {'current': 800.0, 'min': 800.0, 'max': 3000.0}, {'current': 1900.0, 'min': 800.0, 'max': 3000.0}, {'current': 3000.0, 'min': 800.0, 'max': 3000.0}, {'current': 3000.0, 'min': 800.0, 'max': 3000.0}, {'current': 800.0, 'min': 800.0, 'max': 3000.0}, {'current': 3000.0, 'min': 800.0, 'max': 3000.0}, {'current': 2600.0, 'min': 800.0, 'max': 3000.0}, {'current': 800.0, 'min': 800.0, 'max': 3000.0}, {'current': 1800.0, 'min': 800.0, 'max': 3000.0}, {'current': 1062.538, 'min': 800.0, 'max': 3000.0}, {'current': 800.0, 'min': 800.0, 'max': 3000.0}, {'current': 1900.0, 'min': 800.0, 'max': 3000.0}, {'current': 800.0, 'min': 800.0, 'max': 3000.0}, {'current': 1100.0, 'min': 800.0, 'max': 3000.0}, {'current': 1300.0, 'min': 800.0, 'max': 3000.0}, {'current': 3000.0, 'min': 800.0, 'max': 3000.0}, {'current': 800.0, 'min': 800.0, 'max': 3000.0}], 'disk': {'total': 426.360107421875, 'used': 6.879638671875}, 'memory': {'total': 187.54576873779297}}
2025-01-30 20:30:07,155 INFO    HandlerThread:3298217 [system_monitor.py:probe():211] Finished collecting system info
2025-01-30 20:30:07,155 INFO    HandlerThread:3298217 [system_monitor.py:probe():214] Publishing system info
2025-01-30 20:30:07,155 DEBUG   HandlerThread:3298217 [system_info.py:_save_pip():51] Saving list of pip packages installed into the current environment
2025-01-30 20:30:07,156 DEBUG   HandlerThread:3298217 [system_info.py:_save_pip():67] Saving pip packages done
2025-01-30 20:30:07,156 DEBUG   HandlerThread:3298217 [system_info.py:_save_conda():74] Saving list of conda packages installed into the current environment
2025-01-30 20:30:07,951 INFO    Thread-12 :3298217 [dir_watcher.py:_on_file_created():271] file/dir created: /data/sls/scratch/nmorgan/LOGIC/model_editing/malmen/wandb/run-20250130_203006-ioqzrgsn/files/conda-environment.yaml
2025-01-30 20:30:07,952 INFO    Thread-12 :3298217 [dir_watcher.py:_on_file_created():271] file/dir created: /data/sls/scratch/nmorgan/LOGIC/model_editing/malmen/wandb/run-20250130_203006-ioqzrgsn/files/wandb-summary.json
2025-01-30 20:30:07,952 INFO    Thread-12 :3298217 [dir_watcher.py:_on_file_created():271] file/dir created: /data/sls/scratch/nmorgan/LOGIC/model_editing/malmen/wandb/run-20250130_203006-ioqzrgsn/files/requirements.txt
2025-01-30 20:30:09,118 DEBUG   HandlerThread:3298217 [system_info.py:_save_conda():86] Saving conda packages done
2025-01-30 20:30:09,121 INFO    HandlerThread:3298217 [system_monitor.py:probe():216] Finished publishing system info
2025-01-30 20:30:09,129 DEBUG   SenderThread:3298217 [sender.py:send():379] send: files
2025-01-30 20:30:09,129 INFO    SenderThread:3298217 [sender.py:_save_file():1375] saving file wandb-metadata.json with policy now
2025-01-30 20:30:09,144 DEBUG   HandlerThread:3298217 [handler.py:handle_request():144] handle_request: stop_status
2025-01-30 20:30:09,145 DEBUG   SenderThread:3298217 [sender.py:send_request():406] send_request: stop_status
2025-01-30 20:30:09,307 DEBUG   SenderThread:3298217 [sender.py:send():379] send: telemetry
2025-01-30 20:30:09,433 INFO    wandb-upload_0:3298217 [upload_job.py:push():131] Uploaded file /tmp/tmpa5u74z_uwandb/3ze8dtw7-wandb-metadata.json
2025-01-30 20:30:09,782 DEBUG   SenderThread:3298217 [sender.py:send():379] send: exit
2025-01-30 20:30:09,782 INFO    SenderThread:3298217 [sender.py:send_exit():584] handling exit code: 1
2025-01-30 20:30:09,783 INFO    SenderThread:3298217 [sender.py:send_exit():586] handling runtime: 2
2025-01-30 20:30:09,785 INFO    SenderThread:3298217 [sender.py:_save_file():1375] saving file wandb-summary.json with policy end
2025-01-30 20:30:09,786 INFO    SenderThread:3298217 [sender.py:send_exit():592] send defer
2025-01-30 20:30:09,786 DEBUG   HandlerThread:3298217 [handler.py:handle_request():144] handle_request: defer
2025-01-30 20:30:09,786 INFO    HandlerThread:3298217 [handler.py:handle_request_defer():170] handle defer: 0
2025-01-30 20:30:09,787 DEBUG   SenderThread:3298217 [sender.py:send_request():406] send_request: defer
2025-01-30 20:30:09,787 INFO    SenderThread:3298217 [sender.py:send_request_defer():608] handle sender defer: 0
2025-01-30 20:30:09,787 INFO    SenderThread:3298217 [sender.py:transition_state():612] send defer: 1
2025-01-30 20:30:09,788 DEBUG   HandlerThread:3298217 [handler.py:handle_request():144] handle_request: defer
2025-01-30 20:30:09,788 INFO    HandlerThread:3298217 [handler.py:handle_request_defer():170] handle defer: 1
2025-01-30 20:30:09,789 DEBUG   SenderThread:3298217 [sender.py:send_request():406] send_request: defer
2025-01-30 20:30:09,789 INFO    SenderThread:3298217 [sender.py:send_request_defer():608] handle sender defer: 1
2025-01-30 20:30:09,789 INFO    SenderThread:3298217 [sender.py:transition_state():612] send defer: 2
2025-01-30 20:30:09,789 DEBUG   HandlerThread:3298217 [handler.py:handle_request():144] handle_request: defer
2025-01-30 20:30:09,789 INFO    HandlerThread:3298217 [handler.py:handle_request_defer():170] handle defer: 2
2025-01-30 20:30:09,789 INFO    HandlerThread:3298217 [system_monitor.py:finish():190] Stopping system monitor
2025-01-30 20:30:09,790 DEBUG   SystemMonitor:3298217 [system_monitor.py:_start():159] Starting system metrics aggregation loop
2025-01-30 20:30:09,790 DEBUG   SystemMonitor:3298217 [system_monitor.py:_start():166] Finished system metrics aggregation loop
2025-01-30 20:30:09,790 DEBUG   SystemMonitor:3298217 [system_monitor.py:_start():170] Publishing last batch of metrics
2025-01-30 20:30:09,791 INFO    HandlerThread:3298217 [interfaces.py:finish():202] Joined cpu monitor
2025-01-30 20:30:09,791 INFO    HandlerThread:3298217 [interfaces.py:finish():202] Joined disk monitor
2025-01-30 20:30:09,791 INFO    HandlerThread:3298217 [interfaces.py:finish():202] Joined memory monitor
2025-01-30 20:30:09,792 INFO    HandlerThread:3298217 [interfaces.py:finish():202] Joined network monitor
2025-01-30 20:30:09,792 DEBUG   SenderThread:3298217 [sender.py:send_request():406] send_request: defer
2025-01-30 20:30:09,793 INFO    SenderThread:3298217 [sender.py:send_request_defer():608] handle sender defer: 2
2025-01-30 20:30:09,793 INFO    SenderThread:3298217 [sender.py:transition_state():612] send defer: 3
2025-01-30 20:30:09,793 DEBUG   SenderThread:3298217 [sender.py:send():379] send: stats
2025-01-30 20:30:09,793 DEBUG   HandlerThread:3298217 [handler.py:handle_request():144] handle_request: defer
2025-01-30 20:30:09,794 INFO    HandlerThread:3298217 [handler.py:handle_request_defer():170] handle defer: 3
2025-01-30 20:30:09,794 DEBUG   SenderThread:3298217 [sender.py:send_request():406] send_request: defer
2025-01-30 20:30:09,794 INFO    SenderThread:3298217 [sender.py:send_request_defer():608] handle sender defer: 3
2025-01-30 20:30:09,794 INFO    SenderThread:3298217 [sender.py:transition_state():612] send defer: 4
2025-01-30 20:30:09,795 DEBUG   HandlerThread:3298217 [handler.py:handle_request():144] handle_request: defer
2025-01-30 20:30:09,795 INFO    HandlerThread:3298217 [handler.py:handle_request_defer():170] handle defer: 4
2025-01-30 20:30:09,795 DEBUG   SenderThread:3298217 [sender.py:send_request():406] send_request: defer
2025-01-30 20:30:09,795 INFO    SenderThread:3298217 [sender.py:send_request_defer():608] handle sender defer: 4
2025-01-30 20:30:09,795 INFO    SenderThread:3298217 [sender.py:transition_state():612] send defer: 5
2025-01-30 20:30:09,796 DEBUG   HandlerThread:3298217 [handler.py:handle_request():144] handle_request: defer
2025-01-30 20:30:09,796 INFO    HandlerThread:3298217 [handler.py:handle_request_defer():170] handle defer: 5
2025-01-30 20:30:09,796 DEBUG   SenderThread:3298217 [sender.py:send():379] send: summary
2025-01-30 20:30:09,798 INFO    SenderThread:3298217 [sender.py:_save_file():1375] saving file wandb-summary.json with policy end
2025-01-30 20:30:09,799 DEBUG   SenderThread:3298217 [sender.py:send_request():406] send_request: defer
2025-01-30 20:30:09,799 INFO    SenderThread:3298217 [sender.py:send_request_defer():608] handle sender defer: 5
2025-01-30 20:30:09,799 INFO    SenderThread:3298217 [sender.py:transition_state():612] send defer: 6
2025-01-30 20:30:09,799 DEBUG   HandlerThread:3298217 [handler.py:handle_request():144] handle_request: defer
2025-01-30 20:30:09,800 INFO    HandlerThread:3298217 [handler.py:handle_request_defer():170] handle defer: 6
2025-01-30 20:30:09,800 DEBUG   SenderThread:3298217 [sender.py:send_request():406] send_request: defer
2025-01-30 20:30:09,800 INFO    SenderThread:3298217 [sender.py:send_request_defer():608] handle sender defer: 6
2025-01-30 20:30:09,806 DEBUG   HandlerThread:3298217 [handler.py:handle_request():144] handle_request: status_report
2025-01-30 20:30:09,955 INFO    Thread-12 :3298217 [dir_watcher.py:_on_file_modified():288] file/dir modified: /data/sls/scratch/nmorgan/LOGIC/model_editing/malmen/wandb/run-20250130_203006-ioqzrgsn/files/wandb-summary.json
2025-01-30 20:30:09,956 INFO    Thread-12 :3298217 [dir_watcher.py:_on_file_created():271] file/dir created: /data/sls/scratch/nmorgan/LOGIC/model_editing/malmen/wandb/run-20250130_203006-ioqzrgsn/files/wandb-metadata.json
2025-01-30 20:30:09,956 INFO    Thread-12 :3298217 [dir_watcher.py:_on_file_created():271] file/dir created: /data/sls/scratch/nmorgan/LOGIC/model_editing/malmen/wandb/run-20250130_203006-ioqzrgsn/files/output.log
2025-01-30 20:30:09,991 INFO    SenderThread:3298217 [sender.py:transition_state():612] send defer: 7
2025-01-30 20:30:09,992 DEBUG   HandlerThread:3298217 [handler.py:handle_request():144] handle_request: defer
2025-01-30 20:30:09,992 INFO    HandlerThread:3298217 [handler.py:handle_request_defer():170] handle defer: 7
2025-01-30 20:30:09,993 DEBUG   SenderThread:3298217 [sender.py:send_request():406] send_request: defer
2025-01-30 20:30:09,993 INFO    SenderThread:3298217 [sender.py:send_request_defer():608] handle sender defer: 7
2025-01-30 20:30:10,782 DEBUG   HandlerThread:3298217 [handler.py:handle_request():144] handle_request: poll_exit
2025-01-30 20:30:10,956 INFO    Thread-12 :3298217 [dir_watcher.py:_on_file_modified():288] file/dir modified: /data/sls/scratch/nmorgan/LOGIC/model_editing/malmen/wandb/run-20250130_203006-ioqzrgsn/files/config.yaml
2025-01-30 20:30:11,322 INFO    SenderThread:3298217 [sender.py:transition_state():612] send defer: 8
2025-01-30 20:30:11,322 DEBUG   SenderThread:3298217 [sender.py:send_request():406] send_request: poll_exit
2025-01-30 20:30:11,323 DEBUG   HandlerThread:3298217 [handler.py:handle_request():144] handle_request: defer
2025-01-30 20:30:11,323 INFO    HandlerThread:3298217 [handler.py:handle_request_defer():170] handle defer: 8
2025-01-30 20:30:11,324 DEBUG   SenderThread:3298217 [sender.py:send_request():406] send_request: defer
2025-01-30 20:30:11,324 INFO    SenderThread:3298217 [sender.py:send_request_defer():608] handle sender defer: 8
2025-01-30 20:30:11,324 INFO    SenderThread:3298217 [job_builder.py:build():281] Attempting to build job artifact
2025-01-30 20:30:11,326 INFO    SenderThread:3298217 [job_builder.py:_get_source_type():400] is repo sourced job
2025-01-30 20:30:11,331 INFO    SenderThread:3298217 [job_builder.py:build():374] adding wandb-job metadata file
2025-01-30 20:30:11,784 DEBUG   HandlerThread:3298217 [handler.py:handle_request():144] handle_request: poll_exit
2025-01-30 20:30:11,784 INFO    HandlerThread:3298217 [handler.py:finish():857] shutting down handler
2025-01-30 20:30:11,784 INFO    WriterThread:3298217 [datastore.py:close():294] close: /data/sls/scratch/nmorgan/LOGIC/model_editing/malmen/wandb/run-20250130_203006-ioqzrgsn/run-ioqzrgsn.wandb
2025-01-30 20:30:11,785 ERROR   StreamThr :3298217 [internal.py:wandb_internal():174] Thread SenderThread:
Traceback (most recent call last):
  File "/data/sls/scratch/nmorgan/dotfiles/miniconda3/envs/logic-edits/lib/python3.10/site-packages/wandb/sdk/lib/filesystem.py", line 28, in mkdir_exists_ok
    os.makedirs(dir_name, exist_ok=True)
  File "/data/sls/scratch/nmorgan/dotfiles/miniconda3/envs/logic-edits/lib/python3.10/os.py", line 215, in makedirs
    makedirs(head, exist_ok=exist_ok)
  File "/data/sls/scratch/nmorgan/dotfiles/miniconda3/envs/logic-edits/lib/python3.10/os.py", line 215, in makedirs
    makedirs(head, exist_ok=exist_ok)
  File "/data/sls/scratch/nmorgan/dotfiles/miniconda3/envs/logic-edits/lib/python3.10/os.py", line 225, in makedirs
    mkdir(name, mode)
PermissionError: [Errno 13] Permission denied: '/afs/csail.mit.edu/u/n/nmorgan/.local/share/wandb'

The above exception was the direct cause of the following exception:

Traceback (most recent call last):
  File "/data/sls/scratch/nmorgan/dotfiles/miniconda3/envs/logic-edits/lib/python3.10/site-packages/wandb/sdk/artifacts/artifact_saver.py", line 314, in get_staging_dir
    mkdir_exists_ok(path)
  File "/data/sls/scratch/nmorgan/dotfiles/miniconda3/envs/logic-edits/lib/python3.10/site-packages/wandb/sdk/lib/filesystem.py", line 32, in mkdir_exists_ok
    raise PermissionError(f"{dir_name!s} is not writable") from e
PermissionError: /afs/csail.mit.edu/u/n/nmorgan/.local/share/wandb/artifacts/staging is not writable

The above exception was the direct cause of the following exception:

Traceback (most recent call last):
  File "/data/sls/scratch/nmorgan/dotfiles/miniconda3/envs/logic-edits/lib/python3.10/site-packages/wandb/sdk/internal/internal_util.py", line 49, in run
    self._run()
  File "/data/sls/scratch/nmorgan/dotfiles/miniconda3/envs/logic-edits/lib/python3.10/site-packages/wandb/sdk/internal/internal_util.py", line 100, in _run
    self._process(record)
  File "/data/sls/scratch/nmorgan/dotfiles/miniconda3/envs/logic-edits/lib/python3.10/site-packages/wandb/sdk/internal/internal.py", line 328, in _process
    self._sm.send(record)
  File "/data/sls/scratch/nmorgan/dotfiles/miniconda3/envs/logic-edits/lib/python3.10/site-packages/wandb/sdk/internal/sender.py", line 386, in send
    send_handler(record)
  File "/data/sls/scratch/nmorgan/dotfiles/miniconda3/envs/logic-edits/lib/python3.10/site-packages/wandb/sdk/internal/sender.py", line 408, in send_request
    send_handler(record)
  File "/data/sls/scratch/nmorgan/dotfiles/miniconda3/envs/logic-edits/lib/python3.10/site-packages/wandb/sdk/internal/sender.py", line 640, in send_request_defer
    self._flush_job()
  File "/data/sls/scratch/nmorgan/dotfiles/miniconda3/envs/logic-edits/lib/python3.10/site-packages/wandb/sdk/internal/sender.py", line 1628, in _flush_job
    artifact = self._job_builder.build()
  File "/data/sls/scratch/nmorgan/dotfiles/miniconda3/envs/logic-edits/lib/python3.10/site-packages/wandb/sdk/internal/job_builder.py", line 375, in build
    with artifact.new_file("wandb-job.json") as f:
  File "/data/sls/scratch/nmorgan/dotfiles/miniconda3/envs/logic-edits/lib/python3.10/contextlib.py", line 142, in __exit__
    next(self.gen)
  File "/data/sls/scratch/nmorgan/dotfiles/miniconda3/envs/logic-edits/lib/python3.10/site-packages/wandb/sdk/artifacts/artifact.py", line 1029, in new_file
    self.add_file(path, name=name)
  File "/data/sls/scratch/nmorgan/dotfiles/miniconda3/envs/logic-edits/lib/python3.10/site-packages/wandb/sdk/artifacts/artifact.py", line 1078, in add_file
    return self._add_local_file(name, local_path, digest=digest)
  File "/data/sls/scratch/nmorgan/dotfiles/miniconda3/envs/logic-edits/lib/python3.10/site-packages/wandb/sdk/artifacts/artifact.py", line 1353, in _add_local_file
    with tempfile.NamedTemporaryFile(dir=get_staging_dir(), delete=False) as f:
  File "/data/sls/scratch/nmorgan/dotfiles/miniconda3/envs/logic-edits/lib/python3.10/site-packages/wandb/sdk/artifacts/artifact_saver.py", line 316, in get_staging_dir
    raise PermissionError(
PermissionError: Unable to write staging files to /afs/csail.mit.edu/u/n/nmorgan/.local/share/wandb/artifacts/staging. To fix this problem, please set WANDB_DATA_DIR to a directory where you have the necessary write access.
