2025-02-07 23:41:08,911 INFO    StreamThr :949221 [internal.py:wandb_internal():86] W&B internal server running at pid: 949221, started at: 2025-02-07 23:41:08.910430
2025-02-07 23:41:08,914 DEBUG   HandlerThread:949221 [handler.py:handle_request():144] handle_request: status
2025-02-07 23:41:08,918 INFO    WriterThread:949221 [datastore.py:open_for_write():85] open: /data/sls/scratch/nmorgan/LOGIC/model_editing/malmen/wandb/run-20250207_234108-4driflve/run-4driflve.wandb
2025-02-07 23:41:08,919 DEBUG   SenderThread:949221 [sender.py:send():379] send: header
2025-02-07 23:41:08,937 DEBUG   SenderThread:949221 [sender.py:send():379] send: run
2025-02-07 23:41:09,214 INFO    SenderThread:949221 [dir_watcher.py:__init__():211] watching files in: /data/sls/scratch/nmorgan/LOGIC/model_editing/malmen/wandb/run-20250207_234108-4driflve/files
2025-02-07 23:41:09,214 INFO    SenderThread:949221 [sender.py:_start_run_threads():1121] run started: 4driflve with start time 1738989668.912556
2025-02-07 23:41:09,215 DEBUG   SenderThread:949221 [sender.py:send_request():406] send_request: summary_record
2025-02-07 23:41:09,216 INFO    SenderThread:949221 [sender.py:_save_file():1375] saving file wandb-summary.json with policy end
2025-02-07 23:41:09,227 DEBUG   HandlerThread:949221 [handler.py:handle_request():144] handle_request: check_version
2025-02-07 23:41:09,227 DEBUG   SenderThread:949221 [sender.py:send_request():406] send_request: check_version
2025-02-07 23:41:09,308 DEBUG   HandlerThread:949221 [handler.py:handle_request():144] handle_request: run_start
2025-02-07 23:41:09,360 ERROR   HandlerThread:949221 [gpu.py:is_available():381] Error initializing NVML: RM has detected an NVML/RM version mismatch.
2025-02-07 23:41:09,361 DEBUG   HandlerThread:949221 [system_info.py:__init__():31] System info init
2025-02-07 23:41:09,361 DEBUG   HandlerThread:949221 [system_info.py:__init__():46] System info init done
2025-02-07 23:41:09,361 INFO    HandlerThread:949221 [system_monitor.py:start():181] Starting system monitor
2025-02-07 23:41:09,362 INFO    SystemMonitor:949221 [system_monitor.py:_start():145] Starting system asset monitoring threads
2025-02-07 23:41:09,362 INFO    HandlerThread:949221 [system_monitor.py:probe():201] Collecting system info
2025-02-07 23:41:09,363 INFO    SystemMonitor:949221 [interfaces.py:start():190] Started cpu monitoring
2025-02-07 23:41:09,364 INFO    SystemMonitor:949221 [interfaces.py:start():190] Started disk monitoring
2025-02-07 23:41:09,365 INFO    SystemMonitor:949221 [interfaces.py:start():190] Started memory monitoring
2025-02-07 23:41:09,366 INFO    SystemMonitor:949221 [interfaces.py:start():190] Started network monitoring
2025-02-07 23:41:09,428 DEBUG   HandlerThread:949221 [system_info.py:probe():195] Probing system
2025-02-07 23:41:09,433 DEBUG   HandlerThread:949221 [system_info.py:_probe_git():180] Probing git
2025-02-07 23:41:09,454 DEBUG   HandlerThread:949221 [system_info.py:_probe_git():188] Probing git done
2025-02-07 23:41:09,454 DEBUG   HandlerThread:949221 [system_info.py:probe():240] Probing system done
2025-02-07 23:41:09,454 DEBUG   HandlerThread:949221 [system_monitor.py:probe():210] {'os': 'Linux-5.15.0-128-generic-x86_64-with-glibc2.35', 'python': '3.10.16', 'heartbeatAt': '2025-02-08T04:41:09.428796', 'startedAt': '2025-02-08T04:41:08.899715', 'docker': None, 'cuda': None, 'args': (), 'state': 'running', 'program': '/data/sls/scratch/nmorgan/LOGIC/model_editing/malmen/main.py', 'codePath': 'main.py', 'git': {'remote': 'https://github.com/ChenmienTan/malmen', 'commit': '1df295dc032b3ff9a002976e081432cb4f09d342'}, 'email': None, 'root': '/data/sls/scratch/nmorgan/LOGIC/model_editing/malmen', 'host': 'sls-2080-1.csail.mit.edu', 'username': 'nmorgan', 'executable': '/data/sls/scratch/nmorgan/dotfiles/miniconda3/envs/logic-edits/bin/python', 'cpu_count': 20, 'cpu_count_logical': 40, 'cpu_freq': {'current': 1334.478775, 'min': 800.0, 'max': 3000.0}, 'cpu_freq_per_core': [{'current': 800.0, 'min': 800.0, 'max': 3000.0}, {'current': 800.0, 'min': 800.0, 'max': 3000.0}, {'current': 800.0, 'min': 800.0, 'max': 3000.0}, {'current': 800.0, 'min': 800.0, 'max': 3000.0}, {'current': 1900.0, 'min': 800.0, 'max': 3000.0}, {'current': 1900.0, 'min': 800.0, 'max': 3000.0}, {'current': 3000.0, 'min': 800.0, 'max': 3000.0}, {'current': 800.0, 'min': 800.0, 'max': 3000.0}, {'current': 800.0, 'min': 800.0, 'max': 3000.0}, {'current': 3000.0, 'min': 800.0, 'max': 3000.0}, {'current': 800.0, 'min': 800.0, 'max': 3000.0}, {'current': 1900.0, 'min': 800.0, 'max': 3000.0}, {'current': 2900.0, 'min': 800.0, 'max': 3000.0}, {'current': 800.0, 'min': 800.0, 'max': 3000.0}, {'current': 800.0, 'min': 800.0, 'max': 3000.0}, {'current': 800.0, 'min': 800.0, 'max': 3000.0}, {'current': 1900.0, 'min': 800.0, 'max': 3000.0}, {'current': 1900.0, 'min': 800.0, 'max': 3000.0}, {'current': 908.882, 'min': 800.0, 'max': 3000.0}, {'current': 800.0, 'min': 800.0, 'max': 3000.0}, {'current': 800.0, 'min': 800.0, 'max': 3000.0}, {'current': 800.0, 'min': 800.0, 'max': 3000.0}, {'current': 800.0, 'min': 800.0, 'max': 3000.0}, {'current': 1900.0, 'min': 800.0, 'max': 3000.0}, {'current': 800.0, 'min': 800.0, 'max': 3000.0}, {'current': 800.0, 'min': 800.0, 'max': 3000.0}, {'current': 800.0, 'min': 800.0, 'max': 3000.0}, {'current': 800.0, 'min': 800.0, 'max': 3000.0}, {'current': 3000.0, 'min': 800.0, 'max': 3000.0}, {'current': 800.0, 'min': 800.0, 'max': 3000.0}, {'current': 2900.0, 'min': 800.0, 'max': 3000.0}, {'current': 800.0, 'min': 800.0, 'max': 3000.0}, {'current': 1900.0, 'min': 800.0, 'max': 3000.0}, {'current': 800.0, 'min': 800.0, 'max': 3000.0}, {'current': 3000.0, 'min': 800.0, 'max': 3000.0}, {'current': 1500.0, 'min': 800.0, 'max': 3000.0}, {'current': 800.0, 'min': 800.0, 'max': 3000.0}, {'current': 1800.0, 'min': 800.0, 'max': 3000.0}, {'current': 800.0, 'min': 800.0, 'max': 3000.0}, {'current': 800.0, 'min': 800.0, 'max': 3000.0}], 'disk': {'total': 426.3599853515625, 'used': 6.92431640625}, 'memory': {'total': 187.54576873779297}}
2025-02-07 23:41:09,455 INFO    HandlerThread:949221 [system_monitor.py:probe():211] Finished collecting system info
2025-02-07 23:41:09,455 INFO    HandlerThread:949221 [system_monitor.py:probe():214] Publishing system info
2025-02-07 23:41:09,455 DEBUG   HandlerThread:949221 [system_info.py:_save_pip():51] Saving list of pip packages installed into the current environment
2025-02-07 23:41:09,456 DEBUG   HandlerThread:949221 [system_info.py:_save_pip():67] Saving pip packages done
2025-02-07 23:41:09,456 DEBUG   HandlerThread:949221 [system_info.py:_save_conda():74] Saving list of conda packages installed into the current environment
2025-02-07 23:41:10,217 INFO    Thread-12 :949221 [dir_watcher.py:_on_file_created():271] file/dir created: /data/sls/scratch/nmorgan/LOGIC/model_editing/malmen/wandb/run-20250207_234108-4driflve/files/conda-environment.yaml
2025-02-07 23:41:10,218 INFO    Thread-12 :949221 [dir_watcher.py:_on_file_created():271] file/dir created: /data/sls/scratch/nmorgan/LOGIC/model_editing/malmen/wandb/run-20250207_234108-4driflve/files/requirements.txt
2025-02-07 23:41:10,218 INFO    Thread-12 :949221 [dir_watcher.py:_on_file_created():271] file/dir created: /data/sls/scratch/nmorgan/LOGIC/model_editing/malmen/wandb/run-20250207_234108-4driflve/files/wandb-summary.json
2025-02-07 23:41:11,840 DEBUG   HandlerThread:949221 [system_info.py:_save_conda():86] Saving conda packages done
2025-02-07 23:41:11,843 INFO    HandlerThread:949221 [system_monitor.py:probe():216] Finished publishing system info
2025-02-07 23:41:11,852 DEBUG   SenderThread:949221 [sender.py:send():379] send: files
2025-02-07 23:41:11,853 INFO    SenderThread:949221 [sender.py:_save_file():1375] saving file wandb-metadata.json with policy now
2025-02-07 23:41:11,871 DEBUG   HandlerThread:949221 [handler.py:handle_request():144] handle_request: stop_status
2025-02-07 23:41:11,871 DEBUG   SenderThread:949221 [sender.py:send_request():406] send_request: stop_status
2025-02-07 23:41:11,977 DEBUG   SenderThread:949221 [sender.py:send():379] send: telemetry
2025-02-07 23:41:12,169 INFO    wandb-upload_0:949221 [upload_job.py:push():131] Uploaded file /tmp/tmpccs4g_z2wandb/e8jke6jg-wandb-metadata.json
2025-02-07 23:41:12,220 INFO    Thread-12 :949221 [dir_watcher.py:_on_file_created():271] file/dir created: /data/sls/scratch/nmorgan/LOGIC/model_editing/malmen/wandb/run-20250207_234108-4driflve/files/wandb-metadata.json
2025-02-07 23:41:12,221 INFO    Thread-12 :949221 [dir_watcher.py:_on_file_created():271] file/dir created: /data/sls/scratch/nmorgan/LOGIC/model_editing/malmen/wandb/run-20250207_234108-4driflve/files/output.log
2025-02-07 23:41:13,980 DEBUG   HandlerThread:949221 [handler.py:handle_request():144] handle_request: status_report
2025-02-07 23:41:14,223 INFO    Thread-12 :949221 [dir_watcher.py:_on_file_modified():288] file/dir modified: /data/sls/scratch/nmorgan/LOGIC/model_editing/malmen/wandb/run-20250207_234108-4driflve/files/output.log
2025-02-07 23:41:18,981 DEBUG   HandlerThread:949221 [handler.py:handle_request():144] handle_request: status_report
2025-02-07 23:41:23,983 DEBUG   HandlerThread:949221 [handler.py:handle_request():144] handle_request: status_report
2025-02-07 23:41:25,314 DEBUG   SenderThread:949221 [sender.py:send():379] send: exit
2025-02-07 23:41:25,314 INFO    SenderThread:949221 [sender.py:send_exit():584] handling exit code: 1
2025-02-07 23:41:25,314 INFO    SenderThread:949221 [sender.py:send_exit():586] handling runtime: 16
2025-02-07 23:41:25,317 INFO    SenderThread:949221 [sender.py:_save_file():1375] saving file wandb-summary.json with policy end
2025-02-07 23:41:25,318 INFO    SenderThread:949221 [sender.py:send_exit():592] send defer
2025-02-07 23:41:25,318 DEBUG   HandlerThread:949221 [handler.py:handle_request():144] handle_request: defer
2025-02-07 23:41:25,319 INFO    HandlerThread:949221 [handler.py:handle_request_defer():170] handle defer: 0
2025-02-07 23:41:25,319 DEBUG   SenderThread:949221 [sender.py:send_request():406] send_request: defer
2025-02-07 23:41:25,319 INFO    SenderThread:949221 [sender.py:send_request_defer():608] handle sender defer: 0
2025-02-07 23:41:25,320 INFO    SenderThread:949221 [sender.py:transition_state():612] send defer: 1
2025-02-07 23:41:25,320 DEBUG   HandlerThread:949221 [handler.py:handle_request():144] handle_request: defer
2025-02-07 23:41:25,320 INFO    HandlerThread:949221 [handler.py:handle_request_defer():170] handle defer: 1
2025-02-07 23:41:25,321 DEBUG   SenderThread:949221 [sender.py:send_request():406] send_request: defer
2025-02-07 23:41:25,321 INFO    SenderThread:949221 [sender.py:send_request_defer():608] handle sender defer: 1
2025-02-07 23:41:25,321 INFO    SenderThread:949221 [sender.py:transition_state():612] send defer: 2
2025-02-07 23:41:25,321 DEBUG   HandlerThread:949221 [handler.py:handle_request():144] handle_request: defer
2025-02-07 23:41:25,321 INFO    HandlerThread:949221 [handler.py:handle_request_defer():170] handle defer: 2
2025-02-07 23:41:25,322 INFO    HandlerThread:949221 [system_monitor.py:finish():190] Stopping system monitor
2025-02-07 23:41:25,322 DEBUG   SystemMonitor:949221 [system_monitor.py:_start():159] Starting system metrics aggregation loop
2025-02-07 23:41:25,322 DEBUG   SystemMonitor:949221 [system_monitor.py:_start():166] Finished system metrics aggregation loop
2025-02-07 23:41:25,322 DEBUG   SystemMonitor:949221 [system_monitor.py:_start():170] Publishing last batch of metrics
2025-02-07 23:41:25,323 INFO    HandlerThread:949221 [interfaces.py:finish():202] Joined cpu monitor
2025-02-07 23:41:25,323 INFO    HandlerThread:949221 [interfaces.py:finish():202] Joined disk monitor
2025-02-07 23:41:25,323 INFO    HandlerThread:949221 [interfaces.py:finish():202] Joined memory monitor
2025-02-07 23:41:25,324 INFO    HandlerThread:949221 [interfaces.py:finish():202] Joined network monitor
2025-02-07 23:41:25,324 DEBUG   SenderThread:949221 [sender.py:send_request():406] send_request: defer
2025-02-07 23:41:25,325 INFO    SenderThread:949221 [sender.py:send_request_defer():608] handle sender defer: 2
2025-02-07 23:41:25,325 INFO    SenderThread:949221 [sender.py:transition_state():612] send defer: 3
2025-02-07 23:41:25,325 DEBUG   HandlerThread:949221 [handler.py:handle_request():144] handle_request: defer
2025-02-07 23:41:25,325 INFO    HandlerThread:949221 [handler.py:handle_request_defer():170] handle defer: 3
2025-02-07 23:41:25,325 DEBUG   SenderThread:949221 [sender.py:send_request():406] send_request: defer
2025-02-07 23:41:25,326 INFO    SenderThread:949221 [sender.py:send_request_defer():608] handle sender defer: 3
2025-02-07 23:41:25,326 INFO    SenderThread:949221 [sender.py:transition_state():612] send defer: 4
2025-02-07 23:41:25,326 DEBUG   HandlerThread:949221 [handler.py:handle_request():144] handle_request: defer
2025-02-07 23:41:25,326 INFO    HandlerThread:949221 [handler.py:handle_request_defer():170] handle defer: 4
2025-02-07 23:41:25,326 DEBUG   SenderThread:949221 [sender.py:send_request():406] send_request: defer
2025-02-07 23:41:25,327 INFO    SenderThread:949221 [sender.py:send_request_defer():608] handle sender defer: 4
2025-02-07 23:41:25,327 INFO    SenderThread:949221 [sender.py:transition_state():612] send defer: 5
2025-02-07 23:41:25,327 DEBUG   HandlerThread:949221 [handler.py:handle_request():144] handle_request: defer
2025-02-07 23:41:25,327 INFO    HandlerThread:949221 [handler.py:handle_request_defer():170] handle defer: 5
2025-02-07 23:41:25,328 DEBUG   SenderThread:949221 [sender.py:send():379] send: summary
2025-02-07 23:41:25,329 INFO    SenderThread:949221 [sender.py:_save_file():1375] saving file wandb-summary.json with policy end
2025-02-07 23:41:25,330 DEBUG   SenderThread:949221 [sender.py:send_request():406] send_request: defer
2025-02-07 23:41:25,330 INFO    SenderThread:949221 [sender.py:send_request_defer():608] handle sender defer: 5
2025-02-07 23:41:25,330 INFO    SenderThread:949221 [sender.py:transition_state():612] send defer: 6
2025-02-07 23:41:25,331 DEBUG   HandlerThread:949221 [handler.py:handle_request():144] handle_request: defer
2025-02-07 23:41:25,331 INFO    HandlerThread:949221 [handler.py:handle_request_defer():170] handle defer: 6
2025-02-07 23:41:25,331 DEBUG   SenderThread:949221 [sender.py:send_request():406] send_request: defer
2025-02-07 23:41:25,331 INFO    SenderThread:949221 [sender.py:send_request_defer():608] handle sender defer: 6
2025-02-07 23:41:25,337 DEBUG   HandlerThread:949221 [handler.py:handle_request():144] handle_request: status_report
2025-02-07 23:41:25,416 INFO    SenderThread:949221 [sender.py:transition_state():612] send defer: 7
2025-02-07 23:41:25,416 DEBUG   HandlerThread:949221 [handler.py:handle_request():144] handle_request: defer
2025-02-07 23:41:25,416 INFO    HandlerThread:949221 [handler.py:handle_request_defer():170] handle defer: 7
2025-02-07 23:41:25,417 DEBUG   SenderThread:949221 [sender.py:send_request():406] send_request: defer
2025-02-07 23:41:25,417 INFO    SenderThread:949221 [sender.py:send_request_defer():608] handle sender defer: 7
2025-02-07 23:41:26,008 INFO    SenderThread:949221 [sender.py:transition_state():612] send defer: 8
2025-02-07 23:41:26,009 DEBUG   HandlerThread:949221 [handler.py:handle_request():144] handle_request: defer
2025-02-07 23:41:26,009 INFO    HandlerThread:949221 [handler.py:handle_request_defer():170] handle defer: 8
2025-02-07 23:41:26,009 DEBUG   SenderThread:949221 [sender.py:send_request():406] send_request: defer
2025-02-07 23:41:26,010 INFO    SenderThread:949221 [sender.py:send_request_defer():608] handle sender defer: 8
2025-02-07 23:41:26,010 INFO    SenderThread:949221 [job_builder.py:build():281] Attempting to build job artifact
2025-02-07 23:41:26,012 INFO    SenderThread:949221 [job_builder.py:_get_source_type():400] is repo sourced job
2025-02-07 23:41:26,263 INFO    Thread-12 :949221 [dir_watcher.py:_on_file_modified():288] file/dir modified: /data/sls/scratch/nmorgan/LOGIC/model_editing/malmen/wandb/run-20250207_234108-4driflve/files/config.yaml
2025-02-07 23:41:26,263 INFO    Thread-12 :949221 [dir_watcher.py:_on_file_modified():288] file/dir modified: /data/sls/scratch/nmorgan/LOGIC/model_editing/malmen/wandb/run-20250207_234108-4driflve/files/wandb-summary.json
2025-02-07 23:41:26,264 INFO    Thread-12 :949221 [dir_watcher.py:_on_file_modified():288] file/dir modified: /data/sls/scratch/nmorgan/LOGIC/model_editing/malmen/wandb/run-20250207_234108-4driflve/files/output.log
2025-02-07 23:41:26,314 DEBUG   HandlerThread:949221 [handler.py:handle_request():144] handle_request: poll_exit
2025-02-07 23:41:26,314 INFO    HandlerThread:949221 [handler.py:finish():857] shutting down handler
2025-02-07 23:41:26,315 INFO    WriterThread:949221 [datastore.py:close():294] close: /data/sls/scratch/nmorgan/LOGIC/model_editing/malmen/wandb/run-20250207_234108-4driflve/run-4driflve.wandb
2025-02-07 23:41:26,934 ERROR   StreamThr :949221 [internal.py:wandb_internal():174] Thread SenderThread:
Traceback (most recent call last):
  File "/data/sls/scratch/nmorgan/dotfiles/miniconda3/envs/logic-edits/lib/python3.10/site-packages/wandb/sdk/lib/filesystem.py", line 28, in mkdir_exists_ok
    os.makedirs(dir_name, exist_ok=True)
  File "/data/sls/scratch/nmorgan/dotfiles/miniconda3/envs/logic-edits/lib/python3.10/os.py", line 215, in makedirs
    makedirs(head, exist_ok=exist_ok)
  File "/data/sls/scratch/nmorgan/dotfiles/miniconda3/envs/logic-edits/lib/python3.10/os.py", line 225, in makedirs
    mkdir(name, mode)
PermissionError: [Errno 13] Permission denied: '/afs/csail.mit.edu/u/n/nmorgan/.cache/wandb'

The above exception was the direct cause of the following exception:

Traceback (most recent call last):
  File "/data/sls/scratch/nmorgan/dotfiles/miniconda3/envs/logic-edits/lib/python3.10/site-packages/wandb/sdk/internal/internal_util.py", line 49, in run
    self._run()
  File "/data/sls/scratch/nmorgan/dotfiles/miniconda3/envs/logic-edits/lib/python3.10/site-packages/wandb/sdk/internal/internal_util.py", line 100, in _run
    self._process(record)
  File "/data/sls/scratch/nmorgan/dotfiles/miniconda3/envs/logic-edits/lib/python3.10/site-packages/wandb/sdk/internal/internal.py", line 328, in _process
    self._sm.send(record)
  File "/data/sls/scratch/nmorgan/dotfiles/miniconda3/envs/logic-edits/lib/python3.10/site-packages/wandb/sdk/internal/sender.py", line 386, in send
    send_handler(record)
  File "/data/sls/scratch/nmorgan/dotfiles/miniconda3/envs/logic-edits/lib/python3.10/site-packages/wandb/sdk/internal/sender.py", line 408, in send_request
    send_handler(record)
  File "/data/sls/scratch/nmorgan/dotfiles/miniconda3/envs/logic-edits/lib/python3.10/site-packages/wandb/sdk/internal/sender.py", line 640, in send_request_defer
    self._flush_job()
  File "/data/sls/scratch/nmorgan/dotfiles/miniconda3/envs/logic-edits/lib/python3.10/site-packages/wandb/sdk/internal/sender.py", line 1628, in _flush_job
    artifact = self._job_builder.build()
  File "/data/sls/scratch/nmorgan/dotfiles/miniconda3/envs/logic-edits/lib/python3.10/site-packages/wandb/sdk/internal/job_builder.py", line 372, in build
    artifact = JobArtifact(name)
  File "/data/sls/scratch/nmorgan/dotfiles/miniconda3/envs/logic-edits/lib/python3.10/site-packages/wandb/sdk/internal/job_builder.py", line 74, in __init__
    super().__init__(name, "placeholder", *args, **kwargs)
  File "/data/sls/scratch/nmorgan/dotfiles/miniconda3/envs/logic-edits/lib/python3.10/site-packages/wandb/sdk/artifacts/artifact.py", line 172, in __init__
    self._storage_policy = WandbStoragePolicy(
  File "/data/sls/scratch/nmorgan/dotfiles/miniconda3/envs/logic-edits/lib/python3.10/site-packages/wandb/sdk/artifacts/storage_policies/wandb_storage_policy.py", line 68, in __init__
    self._cache = cache or get_artifacts_cache()
  File "/data/sls/scratch/nmorgan/dotfiles/miniconda3/envs/logic-edits/lib/python3.10/site-packages/wandb/sdk/artifacts/artifacts_cache.py", line 173, in get_artifacts_cache
    _artifacts_cache = ArtifactsCache(cache_dir)
  File "/data/sls/scratch/nmorgan/dotfiles/miniconda3/envs/logic-edits/lib/python3.10/site-packages/wandb/sdk/artifacts/artifacts_cache.py", line 36, in __init__
    mkdir_exists_ok(self._cache_dir)
  File "/data/sls/scratch/nmorgan/dotfiles/miniconda3/envs/logic-edits/lib/python3.10/site-packages/wandb/sdk/lib/filesystem.py", line 32, in mkdir_exists_ok
    raise PermissionError(f"{dir_name!s} is not writable") from e
PermissionError: /afs/csail.mit.edu/u/n/nmorgan/.cache/wandb/artifacts is not writable
